#
# A fatal error has been detected by the Java Runtime Environment:
#
#  EXCEPTION_ACCESS_VIOLATION (0xc0000005) at pc=0x00007ff9258631a7, pid=43928, tid=48560
#
# JRE version: Java(TM) SE Runtime Environment 18.9 (11.0.16+11) (build 11.0.16+11-LTS-199)
# Java VM: Java HotSpot(TM) 64-Bit Server VM 18.9 (11.0.16+11-LTS-199, mixed mode, tiered, compressed oops, g1 gc, windows-amd64)
# Problematic frame:
# V  [jvm.dll+0x3631a7]
#
# No core dump will be written. Minidumps are not enabled by default on client versions of Windows
#
# If you would like to submit a bug report, please visit:
#   https://bugreport.java.com/bugreport/crash.jsp
#

---------------  S U M M A R Y ------------

Command Line: -agentlib:jdwp=transport=dt_socket,address=127.0.0.1:59612,suspend=y,server=n -Drebel.base=C:\Users\qsyyk\.jrebel -Drebel.env.ide.plugin.version=2022.4.1 -Drebel.env.ide.version=2022.3.1 -Drebel.env.ide.product=IU -Drebel.env.ide=intellij -Drebel.notification.url=http://localhost:17434 -Xshare:off -agentpath:C:\Users\qsyyk\AppData\Roaming\JetBrains\IntelliJIdea2022.3\plugins\jr-ide-idea\lib\jrebel6\lib\jrebel64.dll -XX:TieredStopAtLevel=1 -Xverify:none -Dspring.output.ansi.enabled=always -Dcom.sun.management.jmxremote -Dspring.jmx.enabled=true -Dspring.liveBeansView.mbeanDomain -Dspring.application.admin.enabled=true -Dmanagement.endpoints.jmx.exposure.include=* -javaagent:C:\Users\qsyyk\AppData\Local\JetBrains\IntelliJIdea2022.3\captureAgent\debugger-agent.jar -Dfile.encoding=UTF-8 xyz.xcye.AuroraCommentRun

Host: Intel(R) Core(TM) i5-1035G1 CPU @ 1.00GHz, 8 cores, 15G,  Windows 11 , 64 bit Build 22621 (10.0.22621.963)
Time: Sun Jan  1 21:35:38 2023  Windows 11 , 64 bit Build 22621 (10.0.22621.963) elapsed time: 3480.091666 seconds (0d 0h 58m 0s)

---------------  T H R E A D  ---------------

Current thread (0x000002573abed000):  JavaThread "com.alibaba.nacos.naming.beat.sender" daemon [_thread_in_vm, id=48560, stack(0x000000f832200000,0x000000f832300000)]

Stack: [0x000000f832200000,0x000000f832300000],  sp=0x000000f8322faa40,  free space=1002k
Native frames: (J=compiled Java code, j=interpreted, Vv=VM code, C=native code)
V  [jvm.dll+0x3631a7]
V  [jvm.dll+0x62a312]
V  [jvm.dll+0x362f0e]
