2022-04-07 20:01:55:796 INFO  5307 -- background-preinit org.hibernate.validator.internal.util.Version--<clinit>  -HV000001: Hibernate Validator 6.2.2.Final
2022-04-07 20:02:00:915 WARN  5307 -- main org.springframework.boot.StartupInfoLogger--appendOn  -InetAddress.getLocalHost().getHostName() took 5006 milliseconds to respond. Please verify your network configuration (macOS machines may need to add entries to /etc/hosts).
2022-04-07 20:02:05:929 INFO  5307 -- main xyz.xcye.file.AuroraFileRun--logStarting  -Starting AuroraFileRun using Java 1.8.0_202 on auroradeMacBook-Pro.local with PID 5307 (/Volumes/Code/Java-code/aurora-theme/aurora-file/target/classes started by aurora in /Volumes/Code/Java-code/aurora-theme)
2022-04-07 20:02:05:931 INFO  5307 -- main xyz.xcye.file.AuroraFileRun--logStartupProfileInfo  -No active profile set, falling back to 1 default profile: "default"
2022-04-07 20:02:08:253 INFO  5307 -- main o.s.d.r.config.RepositoryConfigurationDelegate--multipleStoresDetected  -Multiple Spring Data modules found, entering strict repository configuration mode!
2022-04-07 20:02:08:255 INFO  5307 -- main o.s.d.r.config.RepositoryConfigurationDelegate--registerRepositoriesIn  -Bootstrapping Spring Data JDBC repositories in DEFAULT mode.
2022-04-07 20:02:08:277 INFO  5307 -- main o.s.d.r.config.RepositoryConfigurationDelegate--registerRepositoriesIn  -Finished Spring Data repository scanning in 14 ms. Found 0 JDBC repository interfaces.
2022-04-07 20:02:08:294 INFO  5307 -- main o.s.d.r.config.RepositoryConfigurationDelegate--multipleStoresDetected  -Multiple Spring Data modules found, entering strict repository configuration mode!
2022-04-07 20:02:08:295 INFO  5307 -- main o.s.d.r.config.RepositoryConfigurationDelegate--registerRepositoriesIn  -Bootstrapping Spring Data Redis repositories in DEFAULT mode.
2022-04-07 20:02:08:313 INFO  5307 -- main o.s.d.r.config.RepositoryConfigurationDelegate--registerRepositoriesIn  -Finished Spring Data repository scanning in 4 ms. Found 0 Redis repository interfaces.
2022-04-07 20:02:08:564 INFO  5307 -- main o.s.i.c.DefaultConfiguringBeanFactoryPostProcessor--info  -No bean named 'errorChannel' has been explicitly defined. Therefore, a default PublishSubscribeChannel will be created.
2022-04-07 20:02:08:598 INFO  5307 -- main o.s.i.c.DefaultConfiguringBeanFactoryPostProcessor--info  -No bean named 'integrationHeaderChannelRegistry' has been explicitly defined. Therefore, a default DefaultHeaderChannelRegistry will be created.
2022-04-07 20:02:08:795 INFO  5307 -- main o.springframework.cloud.context.scope.GenericScope--setSerializationId  -BeanFactory id=5615f3a8-7ad1-3b7d-8b9d-76827a8e2e8a
2022-04-07 20:02:09:224 INFO  5307 -- main o.s.c.s.PostProcessorRegistrationDelegate$BeanPostProcessorChecker--postProcessAfterInitialization  -Bean 'fileWebConfig' of type [xyz.xcye.file.config.FileWebConfig$$EnhancerBySpringCGLIB$$1] is not eligible for getting processed by all BeanPostProcessors (for example: not eligible for auto-proxying)
2022-04-07 20:02:09:253 INFO  5307 -- main o.s.c.s.PostProcessorRegistrationDelegate$BeanPostProcessorChecker--postProcessAfterInitialization  -Bean 'integrationChannelResolver' of type [org.springframework.integration.support.channel.BeanFactoryChannelResolver] is not eligible for getting processed by all BeanPostProcessors (for example: not eligible for auto-proxying)
2022-04-07 20:02:09:294 INFO  5307 -- main o.s.c.s.PostProcessorRegistrationDelegate$BeanPostProcessorChecker--postProcessAfterInitialization  -Bean 'org.springframework.integration.config.IntegrationManagementConfiguration' of type [org.springframework.integration.config.IntegrationManagementConfiguration] is not eligible for getting processed by all BeanPostProcessors (for example: not eligible for auto-proxying)
2022-04-07 20:02:09:307 INFO  5307 -- main o.s.c.s.PostProcessorRegistrationDelegate$BeanPostProcessorChecker--postProcessAfterInitialization  -Bean 'org.springframework.boot.autoconfigure.integration.IntegrationAutoConfiguration$IntegrationJmxConfiguration' of type [org.springframework.boot.autoconfigure.integration.IntegrationAutoConfiguration$IntegrationJmxConfiguration] is not eligible for getting processed by all BeanPostProcessors (for example: not eligible for auto-proxying)
2022-04-07 20:02:09:321 INFO  5307 -- main o.s.c.s.PostProcessorRegistrationDelegate$BeanPostProcessorChecker--postProcessAfterInitialization  -Bean 'org.springframework.boot.autoconfigure.jmx.JmxAutoConfiguration' of type [org.springframework.boot.autoconfigure.jmx.JmxAutoConfiguration] is not eligible for getting processed by all BeanPostProcessors (for example: not eligible for auto-proxying)
2022-04-07 20:02:09:330 INFO  5307 -- main o.s.c.s.PostProcessorRegistrationDelegate$BeanPostProcessorChecker--postProcessAfterInitialization  -Bean 'mbeanServer' of type [com.sun.jmx.mbeanserver.JmxMBeanServer] is not eligible for getting processed by all BeanPostProcessors (for example: not eligible for auto-proxying)
2022-04-07 20:02:09:938 INFO  5307 -- main o.s.boot.web.embedded.tomcat.TomcatWebServer--initialize  -Tomcat initialized with port(s): 6767 (http)
2022-04-07 20:02:09:956 INFO  5307 -- main org.apache.coyote.http11.Http11NioProtocol--log  -Initializing ProtocolHandler ["http-nio-6767"]
2022-04-07 20:02:09:957 INFO  5307 -- main org.apache.catalina.core.StandardService--log  -Starting service [Tomcat]
2022-04-07 20:02:09:957 INFO  5307 -- main org.apache.catalina.core.StandardEngine--log  -Starting Servlet engine: [Apache Tomcat/9.0.58]
2022-04-07 20:02:10:128 INFO  5307 -- main o.a.c.core.ContainerBase.[Tomcat].[localhost].[/]--log  -Initializing Spring embedded WebApplicationContext
2022-04-07 20:02:10:128 INFO  5307 -- main o.s.b.w.s.c.ServletWebServerApplicationContext--prepareWebApplicationContext  -Root WebApplicationContext: initialization completed in 4115 ms
2022-04-07 20:02:10:831 ERROR 5307 -- main RedisCache--getId  -34
2022-04-07 20:02:10:832 ERROR 5307 -- main RedisCache--getId  -34
2022-04-07 20:02:12:723 INFO  5307 -- main o.s.b.actuate.endpoint.web.EndpointLinksResolver--<init>  -Exposing 22 endpoint(s) beneath base path '/actuator'
2022-04-07 20:02:13:875 INFO  5307 -- main o.s.c.s.f.FunctionConfiguration$FunctionBindingRegistrar--afterPropertiesSet  -Functional binding is disabled due to the presense of @EnableBinding annotation in your configuration
2022-04-07 20:02:14:223 INFO  5307 -- main com.alibaba.druid.pool.DruidDataSource--init  -{dataSource-1} inited
2022-04-07 20:02:14:998 WARN  5307 -- main o.s.c.l.c.LoadBalancerCacheAutoConfiguration$LoadBalancerCaffeineWarnLogger--logWarning  -Spring Cloud LoadBalancer is currently working with the default cache. While this cache implementation is useful for development and tests, it's recommended to use Caffeine cache in production.You can switch to using Caffeine cache, by adding it and org.springframework.cache.caffeine.CaffeineCacheManager to the classpath.
2022-04-07 20:02:15:386 INFO  5307 -- main o.s.integration.monitor.IntegrationMBeanExporter--registerChannel  -Registering MessageChannel output
2022-04-07 20:02:15:456 INFO  5307 -- main o.s.integration.monitor.IntegrationMBeanExporter--registerChannel  -Registering MessageChannel errorChannel
2022-04-07 20:02:15:479 INFO  5307 -- main o.s.integration.monitor.IntegrationMBeanExporter--registerChannel  -Registering MessageChannel nullChannel
2022-04-07 20:02:15:491 INFO  5307 -- main o.s.integration.monitor.IntegrationMBeanExporter--registerHandler  -Registering MessageHandler _org.springframework.integration.errorLogger
2022-04-07 20:02:15:550 INFO  5307 -- main o.s.integration.endpoint.EventDrivenConsumer--info  -Adding {logging-channel-adapter:_org.springframework.integration.errorLogger} as a subscriber to the 'errorChannel' channel
2022-04-07 20:02:15:550 INFO  5307 -- main o.s.integration.channel.PublishSubscribeChannel--info  -Channel 'aurora-file.errorChannel' has 1 subscriber(s).
2022-04-07 20:02:15:551 INFO  5307 -- main o.s.integration.endpoint.EventDrivenConsumer--info  -started bean '_org.springframework.integration.errorLogger'
2022-04-07 20:02:15:553 INFO  5307 -- main o.s.cloud.stream.binder.DefaultBinderFactory--getBinderInstance  -Creating binder: defaultRabbit
2022-04-07 20:02:15:716 INFO  5307 -- main o.s.cloud.stream.binder.DefaultBinderFactory--getBinderInstance  -Caching the binder: defaultRabbit
2022-04-07 20:02:15:717 INFO  5307 -- main o.s.cloud.stream.binder.DefaultBinderFactory--getBinderInstance  -Retrieving cached binder: defaultRabbit
2022-04-07 20:02:15:878 INFO  5307 -- main o.s.a.rabbit.connection.CachingConnectionFactory--connectAddresses  -Attempting to connect to: [127.0.0.1:5672]
2022-04-07 20:02:15:941 INFO  5307 -- main o.s.a.rabbit.connection.CachingConnectionFactory--createBareConnection  -Created new connection: rabbitConnectionFactory#8cc1bac:0/SimpleConnection@37a522c8 [delegate=amqp://admin@127.0.0.1:5672/, localPort= 58557]
2022-04-07 20:02:16:012 INFO  5307 -- main o.s.c.stream.messaging.DirectWithAttributesChannel--info  -Channel 'aurora-file.output' has 1 subscriber(s).
2022-04-07 20:02:21:180 INFO  5307 -- main org.apache.coyote.http11.Http11NioProtocol--log  -Starting ProtocolHandler ["http-nio-6767"]
2022-04-07 20:02:21:211 INFO  5307 -- main o.s.boot.web.embedded.tomcat.TomcatWebServer--start  -Tomcat started on port(s): 6767 (http) with context path ''
2022-04-07 20:02:21:227 INFO  5307 -- main c.a.cloud.nacos.registry.NacosServiceRegistry--register  -nacos registry, DEFAULT_GROUP aurora-file 100.64.83.44:6767 register finished
2022-04-07 20:02:21:692 INFO  5307 -- main xyz.xcye.file.AuroraFileRun--logStarted  -Started AuroraFileRun in 36.884 seconds (JVM running for 46.777)
2022-04-07 20:02:21:912 INFO  5307 -- RMI TCP Connection(2)-100.64.83.44 o.a.c.core.ContainerBase.[Tomcat].[localhost].[/]--log  -Initializing Spring DispatcherServlet 'dispatcherServlet'
2022-04-07 20:02:21:913 INFO  5307 -- RMI TCP Connection(2)-100.64.83.44 org.springframework.web.servlet.DispatcherServlet--initServletBean  -Initializing Servlet 'dispatcherServlet'
2022-04-07 20:02:21:917 INFO  5307 -- RMI TCP Connection(1)-100.64.83.44 o.s.a.rabbit.connection.CachingConnectionFactory--connectAddresses  -Attempting to connect to: [localhost:5672]
2022-04-07 20:02:21:918 INFO  5307 -- RMI TCP Connection(2)-100.64.83.44 org.springframework.web.servlet.DispatcherServlet--initServletBean  -Completed initialization in 5 ms
2022-04-07 20:02:21:925 INFO  5307 -- RMI TCP Connection(1)-100.64.83.44 o.s.a.rabbit.connection.CachingConnectionFactory--createBareConnection  -Created new connection: rabbitConnectionFactory#c7008b4:0/SimpleConnection@4d5b2c9 [delegate=amqp://guest@127.0.0.1:5672/, localPort= 58559]
2022-04-07 20:04:59:736 WARN  5307 -- http-nio-6767-exec-3 com.alibaba.druid.pool.DruidAbstractDataSource--testConnectionInternal  -discard long time none received connection. , jdbcUrl : jdbc:mysql://127.0.0.1:3306/aurora_file?characterEncoding=utf8&connectTimeout=1000&socketTimeout=3000&autoReconnect=true&useUnicode=true&useSSL=false&serverTimezone=UTC, version : 1.2.5, lastPacketReceivedIdleMillis : 164947
2022-04-07 20:05:19:305 WARN  5307 -- Thread-69 com.alibaba.nacos.common.http.HttpClientBeanHolder--shutdown  -[HttpClientBeanHolder] Start destroying common HttpClient
2022-04-07 20:05:19:307 WARN  5307 -- Thread-78 com.alibaba.nacos.common.notify.NotifyCenter--shutdown  -[NotifyCenter] Start destroying Publisher
2022-04-07 20:05:19:308 WARN  5307 -- Thread-78 com.alibaba.nacos.common.notify.NotifyCenter--shutdown  -[NotifyCenter] Destruction of the end
2022-04-07 20:05:19:308 WARN  5307 -- Thread-69 com.alibaba.nacos.common.http.HttpClientBeanHolder--shutdown  -[HttpClientBeanHolder] Destruction of the end
2022-04-07 20:05:19:337 INFO  5307 -- SpringApplicationShutdownHook o.s.integration.endpoint.EventDrivenConsumer--info  -Removing {logging-channel-adapter:_org.springframework.integration.errorLogger} as a subscriber to the 'errorChannel' channel
2022-04-07 20:05:19:338 INFO  5307 -- SpringApplicationShutdownHook o.s.integration.channel.PublishSubscribeChannel--info  -Channel 'aurora-file.errorChannel' has 0 subscriber(s).
2022-04-07 20:05:19:338 INFO  5307 -- SpringApplicationShutdownHook o.s.integration.endpoint.EventDrivenConsumer--info  -stopped bean '_org.springframework.integration.errorLogger'
2022-04-07 20:05:19:359 INFO  5307 -- SpringApplicationShutdownHook c.a.cloud.nacos.registry.NacosServiceRegistry--deregister  -De-registering from Nacos Server now...
2022-04-07 20:05:19:362 INFO  5307 -- SpringApplicationShutdownHook c.a.cloud.nacos.registry.NacosServiceRegistry--deregister  -De-registration finished.
2022-04-07 20:05:53:519 INFO  7583 -- background-preinit org.hibernate.validator.internal.util.Version--<clinit>  -HV000001: Hibernate Validator 6.2.2.Final
2022-04-07 20:05:58:629 WARN  7583 -- main org.springframework.boot.StartupInfoLogger--appendOn  -InetAddress.getLocalHost().getHostName() took 5003 milliseconds to respond. Please verify your network configuration (macOS machines may need to add entries to /etc/hosts).
2022-04-07 20:06:03:634 INFO  7583 -- main xyz.xcye.file.AuroraFileRun--logStarting  -Starting AuroraFileRun using Java 1.8.0_202 on auroradeMacBook-Pro.local with PID 7583 (/Volumes/Code/Java-code/aurora-theme/aurora-file/target/classes started by aurora in /Volumes/Code/Java-code/aurora-theme)
2022-04-07 20:06:03:635 INFO  7583 -- main xyz.xcye.file.AuroraFileRun--logStartupProfileInfo  -No active profile set, falling back to 1 default profile: "default"
2022-04-07 20:06:06:055 INFO  7583 -- main o.s.d.r.config.RepositoryConfigurationDelegate--multipleStoresDetected  -Multiple Spring Data modules found, entering strict repository configuration mode!
2022-04-07 20:06:06:057 INFO  7583 -- main o.s.d.r.config.RepositoryConfigurationDelegate--registerRepositoriesIn  -Bootstrapping Spring Data JDBC repositories in DEFAULT mode.
2022-04-07 20:06:06:079 INFO  7583 -- main o.s.d.r.config.RepositoryConfigurationDelegate--registerRepositoriesIn  -Finished Spring Data repository scanning in 14 ms. Found 0 JDBC repository interfaces.
2022-04-07 20:06:06:098 INFO  7583 -- main o.s.d.r.config.RepositoryConfigurationDelegate--multipleStoresDetected  -Multiple Spring Data modules found, entering strict repository configuration mode!
2022-04-07 20:06:06:100 INFO  7583 -- main o.s.d.r.config.RepositoryConfigurationDelegate--registerRepositoriesIn  -Bootstrapping Spring Data Redis repositories in DEFAULT mode.
2022-04-07 20:06:06:121 INFO  7583 -- main o.s.d.r.config.RepositoryConfigurationDelegate--registerRepositoriesIn  -Finished Spring Data repository scanning in 3 ms. Found 0 Redis repository interfaces.
2022-04-07 20:06:06:396 INFO  7583 -- main o.s.i.c.DefaultConfiguringBeanFactoryPostProcessor--info  -No bean named 'errorChannel' has been explicitly defined. Therefore, a default PublishSubscribeChannel will be created.
2022-04-07 20:06:06:424 INFO  7583 -- main o.s.i.c.DefaultConfiguringBeanFactoryPostProcessor--info  -No bean named 'integrationHeaderChannelRegistry' has been explicitly defined. Therefore, a default DefaultHeaderChannelRegistry will be created.
2022-04-07 20:06:06:703 INFO  7583 -- main o.springframework.cloud.context.scope.GenericScope--setSerializationId  -BeanFactory id=5615f3a8-7ad1-3b7d-8b9d-76827a8e2e8a
2022-04-07 20:06:07:113 INFO  7583 -- main o.s.c.s.PostProcessorRegistrationDelegate$BeanPostProcessorChecker--postProcessAfterInitialization  -Bean 'fileWebConfig' of type [xyz.xcye.file.config.FileWebConfig$$EnhancerBySpringCGLIB$$1] is not eligible for getting processed by all BeanPostProcessors (for example: not eligible for auto-proxying)
2022-04-07 20:06:07:144 INFO  7583 -- main o.s.c.s.PostProcessorRegistrationDelegate$BeanPostProcessorChecker--postProcessAfterInitialization  -Bean 'integrationChannelResolver' of type [org.springframework.integration.support.channel.BeanFactoryChannelResolver] is not eligible for getting processed by all BeanPostProcessors (for example: not eligible for auto-proxying)
2022-04-07 20:06:07:186 INFO  7583 -- main o.s.c.s.PostProcessorRegistrationDelegate$BeanPostProcessorChecker--postProcessAfterInitialization  -Bean 'org.springframework.integration.config.IntegrationManagementConfiguration' of type [org.springframework.integration.config.IntegrationManagementConfiguration] is not eligible for getting processed by all BeanPostProcessors (for example: not eligible for auto-proxying)
2022-04-07 20:06:07:198 INFO  7583 -- main o.s.c.s.PostProcessorRegistrationDelegate$BeanPostProcessorChecker--postProcessAfterInitialization  -Bean 'org.springframework.boot.autoconfigure.integration.IntegrationAutoConfiguration$IntegrationJmxConfiguration' of type [org.springframework.boot.autoconfigure.integration.IntegrationAutoConfiguration$IntegrationJmxConfiguration] is not eligible for getting processed by all BeanPostProcessors (for example: not eligible for auto-proxying)
2022-04-07 20:06:07:212 INFO  7583 -- main o.s.c.s.PostProcessorRegistrationDelegate$BeanPostProcessorChecker--postProcessAfterInitialization  -Bean 'org.springframework.boot.autoconfigure.jmx.JmxAutoConfiguration' of type [org.springframework.boot.autoconfigure.jmx.JmxAutoConfiguration] is not eligible for getting processed by all BeanPostProcessors (for example: not eligible for auto-proxying)
2022-04-07 20:06:07:221 INFO  7583 -- main o.s.c.s.PostProcessorRegistrationDelegate$BeanPostProcessorChecker--postProcessAfterInitialization  -Bean 'mbeanServer' of type [com.sun.jmx.mbeanserver.JmxMBeanServer] is not eligible for getting processed by all BeanPostProcessors (for example: not eligible for auto-proxying)
2022-04-07 20:06:07:881 INFO  7583 -- main o.s.boot.web.embedded.tomcat.TomcatWebServer--initialize  -Tomcat initialized with port(s): 6767 (http)
2022-04-07 20:06:08:119 INFO  7583 -- main o.s.b.w.s.c.ServletWebServerApplicationContext--prepareWebApplicationContext  -Root WebApplicationContext: initialization completed in 4411 ms
