2022-04-20 19:06:41:240 INFO  61170 -- background-preinit org.hibernate.validator.internal.util.Version--<clinit>  -HV000001: Hibernate Validator 6.2.2.Final
2022-04-20 19:06:41:301 INFO  61170 -- main xyz.xcye.file.AuroraFileRun--logStarting  -Starting AuroraFileRun using Java 11.0.13 on auroradeMacBook-Pro.local with PID 61170 (/Volumes/Code/Java-code/aurora-theme/aurora-file/target/classes started by aurora in /Volumes/Code/Java-code/aurora-theme)
2022-04-20 19:06:41:303 INFO  61170 -- main xyz.xcye.file.AuroraFileRun--logStartupProfileInfo  -No active profile set, falling back to 1 default profile: "default"
2022-04-20 19:06:43:889 INFO  61170 -- main o.s.d.r.config.RepositoryConfigurationDelegate--multipleStoresDetected  -Multiple Spring Data modules found, entering strict repository configuration mode!
2022-04-20 19:06:43:890 INFO  61170 -- main o.s.d.r.config.RepositoryConfigurationDelegate--registerRepositoriesIn  -Bootstrapping Spring Data JDBC repositories in DEFAULT mode.
2022-04-20 19:06:43:904 INFO  61170 -- main o.s.d.r.config.RepositoryConfigurationDelegate--registerRepositoriesIn  -Finished Spring Data repository scanning in 9 ms. Found 0 JDBC repository interfaces.
2022-04-20 19:06:43:918 INFO  61170 -- main o.s.d.r.config.RepositoryConfigurationDelegate--multipleStoresDetected  -Multiple Spring Data modules found, entering strict repository configuration mode!
2022-04-20 19:06:43:920 INFO  61170 -- main o.s.d.r.config.RepositoryConfigurationDelegate--registerRepositoriesIn  -Bootstrapping Spring Data Redis repositories in DEFAULT mode.
2022-04-20 19:06:43:934 INFO  61170 -- main o.s.d.r.config.RepositoryConfigurationDelegate--registerRepositoriesIn  -Finished Spring Data repository scanning in 2 ms. Found 0 Redis repository interfaces.
2022-04-20 19:06:44:166 INFO  61170 -- main o.s.i.c.DefaultConfiguringBeanFactoryPostProcessor--info  -No bean named 'errorChannel' has been explicitly defined. Therefore, a default PublishSubscribeChannel will be created.
2022-04-20 19:06:44:194 INFO  61170 -- main o.s.i.c.DefaultConfiguringBeanFactoryPostProcessor--info  -No bean named 'integrationHeaderChannelRegistry' has been explicitly defined. Therefore, a default DefaultHeaderChannelRegistry will be created.
2022-04-20 19:06:44:348 INFO  61170 -- main o.springframework.cloud.context.scope.GenericScope--setSerializationId  -BeanFactory id=5615f3a8-7ad1-3b7d-8b9d-76827a8e2e8a
2022-04-20 19:06:44:668 INFO  61170 -- main o.s.c.s.PostProcessorRegistrationDelegate$BeanPostProcessorChecker--postProcessAfterInitialization  -Bean 'fileWebConfig' of type [xyz.xcye.file.config.FileWebConfig$$EnhancerBySpringCGLIB$$95cb5058] is not eligible for getting processed by all BeanPostProcessors (for example: not eligible for auto-proxying)
2022-04-20 19:06:44:688 INFO  61170 -- main o.s.c.s.PostProcessorRegistrationDelegate$BeanPostProcessorChecker--postProcessAfterInitialization  -Bean 'integrationChannelResolver' of type [org.springframework.integration.support.channel.BeanFactoryChannelResolver] is not eligible for getting processed by all BeanPostProcessors (for example: not eligible for auto-proxying)
2022-04-20 19:06:44:720 INFO  61170 -- main o.s.c.s.PostProcessorRegistrationDelegate$BeanPostProcessorChecker--postProcessAfterInitialization  -Bean 'org.springframework.integration.config.IntegrationManagementConfiguration' of type [org.springframework.integration.config.IntegrationManagementConfiguration] is not eligible for getting processed by all BeanPostProcessors (for example: not eligible for auto-proxying)
2022-04-20 19:06:44:729 INFO  61170 -- main o.s.c.s.PostProcessorRegistrationDelegate$BeanPostProcessorChecker--postProcessAfterInitialization  -Bean 'org.springframework.boot.autoconfigure.integration.IntegrationAutoConfiguration$IntegrationJmxConfiguration' of type [org.springframework.boot.autoconfigure.integration.IntegrationAutoConfiguration$IntegrationJmxConfiguration] is not eligible for getting processed by all BeanPostProcessors (for example: not eligible for auto-proxying)
2022-04-20 19:06:44:741 INFO  61170 -- main o.s.c.s.PostProcessorRegistrationDelegate$BeanPostProcessorChecker--postProcessAfterInitialization  -Bean 'org.springframework.boot.autoconfigure.jmx.JmxAutoConfiguration' of type [org.springframework.boot.autoconfigure.jmx.JmxAutoConfiguration] is not eligible for getting processed by all BeanPostProcessors (for example: not eligible for auto-proxying)
2022-04-20 19:06:44:746 INFO  61170 -- main o.s.c.s.PostProcessorRegistrationDelegate$BeanPostProcessorChecker--postProcessAfterInitialization  -Bean 'mbeanServer' of type [com.sun.jmx.mbeanserver.JmxMBeanServer] is not eligible for getting processed by all BeanPostProcessors (for example: not eligible for auto-proxying)
2022-04-20 19:06:45:229 INFO  61170 -- main o.s.boot.web.embedded.tomcat.TomcatWebServer--initialize  -Tomcat initialized with port(s): 6767 (http)
2022-04-20 19:06:45:242 INFO  61170 -- main org.apache.coyote.http11.Http11NioProtocol--log  -Initializing ProtocolHandler ["http-nio-6767"]
2022-04-20 19:06:45:243 INFO  61170 -- main org.apache.catalina.core.StandardService--log  -Starting service [Tomcat]
2022-04-20 19:06:45:243 INFO  61170 -- main org.apache.catalina.core.StandardEngine--log  -Starting Servlet engine: [Apache Tomcat/9.0.58]
2022-04-20 19:06:45:410 INFO  61170 -- main o.a.c.core.ContainerBase.[Tomcat].[localhost].[/]--log  -Initializing Spring embedded WebApplicationContext
2022-04-20 19:06:45:411 INFO  61170 -- main o.s.b.w.s.c.ServletWebServerApplicationContext--prepareWebApplicationContext  -Root WebApplicationContext: initialization completed in 4034 ms
2022-04-20 19:06:45:982 ERROR 61170 -- main xyz.xcye.file.manager.cache.RedisCache--getId  -34
2022-04-20 19:06:45:983 ERROR 61170 -- main xyz.xcye.file.manager.cache.RedisCache--getId  -34
2022-04-20 19:06:48:334 INFO  61170 -- main o.s.b.actuate.endpoint.web.EndpointLinksResolver--<init>  -Exposing 22 endpoint(s) beneath base path '/actuator'
2022-04-20 19:06:49:532 INFO  61170 -- main o.s.c.s.f.FunctionConfiguration$FunctionBindingRegistrar--afterPropertiesSet  -Functional binding is disabled due to the presense of @EnableBinding annotation in your configuration
2022-04-20 19:06:49:823 INFO  61170 -- main com.alibaba.druid.pool.DruidDataSource--init  -{dataSource-1} inited
2022-04-20 19:06:50:285 WARN  61170 -- main o.s.c.l.c.LoadBalancerCacheAutoConfiguration$LoadBalancerCaffeineWarnLogger--logWarning  -Spring Cloud LoadBalancer is currently working with the default cache. While this cache implementation is useful for development and tests, it's recommended to use Caffeine cache in production.You can switch to using Caffeine cache, by adding it and org.springframework.cache.caffeine.CaffeineCacheManager to the classpath.
2022-04-20 19:06:50:719 INFO  61170 -- main o.s.integration.monitor.IntegrationMBeanExporter--registerChannel  -Registering MessageChannel output
2022-04-20 19:06:50:806 INFO  61170 -- main o.s.integration.monitor.IntegrationMBeanExporter--registerChannel  -Registering MessageChannel errorChannel
2022-04-20 19:06:50:838 INFO  61170 -- main o.s.integration.monitor.IntegrationMBeanExporter--registerChannel  -Registering MessageChannel nullChannel
2022-04-20 19:06:50:855 INFO  61170 -- main o.s.integration.monitor.IntegrationMBeanExporter--registerHandler  -Registering MessageHandler _org.springframework.integration.errorLogger
2022-04-20 19:06:50:953 INFO  61170 -- main o.s.integration.endpoint.EventDrivenConsumer--info  -Adding {logging-channel-adapter:_org.springframework.integration.errorLogger} as a subscriber to the 'errorChannel' channel
2022-04-20 19:06:50:953 INFO  61170 -- main o.s.integration.channel.PublishSubscribeChannel--info  -Channel 'aurora-file.errorChannel' has 1 subscriber(s).
2022-04-20 19:06:50:954 INFO  61170 -- main o.s.integration.endpoint.EventDrivenConsumer--info  -started bean '_org.springframework.integration.errorLogger'
2022-04-20 19:06:50:955 INFO  61170 -- main o.s.cloud.stream.binder.DefaultBinderFactory--getBinderInstance  -Creating binder: defaultRabbit
2022-04-20 19:06:51:121 INFO  61170 -- main o.s.cloud.stream.binder.DefaultBinderFactory--getBinderInstance  -Caching the binder: defaultRabbit
2022-04-20 19:06:51:121 INFO  61170 -- main o.s.cloud.stream.binder.DefaultBinderFactory--getBinderInstance  -Retrieving cached binder: defaultRabbit
2022-04-20 19:06:51:345 INFO  61170 -- main o.s.a.rabbit.connection.CachingConnectionFactory--connectAddresses  -Attempting to connect to: [127.0.0.1:5672]
2022-04-20 19:06:51:395 INFO  61170 -- main o.s.a.rabbit.connection.CachingConnectionFactory--createBareConnection  -Created new connection: rabbitConnectionFactory#4446e1d9:0/SimpleConnection@56589f00 [delegate=amqp://admin@127.0.0.1:5672/, localPort= 64946]
2022-04-20 19:06:51:440 INFO  61170 -- main o.s.c.stream.messaging.DirectWithAttributesChannel--info  -Channel 'aurora-file.output' has 1 subscriber(s).
2022-04-20 19:06:56:623 INFO  61170 -- main org.apache.coyote.http11.Http11NioProtocol--log  -Starting ProtocolHandler ["http-nio-6767"]
2022-04-20 19:06:56:658 INFO  61170 -- main o.s.boot.web.embedded.tomcat.TomcatWebServer--start  -Tomcat started on port(s): 6767 (http) with context path ''
2022-04-20 19:06:56:678 INFO  61170 -- main c.a.cloud.nacos.registry.NacosServiceRegistry--register  -nacos registry, DEFAULT_GROUP aurora-file 100.64.83.44:6767 register finished
2022-04-20 19:06:57:410 INFO  61170 -- main xyz.xcye.file.AuroraFileRun--logStarted  -Started AuroraFileRun in 17.078 seconds (JVM running for 23.745)
2022-04-20 19:06:57:864 INFO  61170 -- RMI TCP Connection(2)-100.64.83.44 o.a.c.core.ContainerBase.[Tomcat].[localhost].[/]--log  -Initializing Spring DispatcherServlet 'dispatcherServlet'
2022-04-20 19:06:57:865 INFO  61170 -- RMI TCP Connection(2)-100.64.83.44 org.springframework.web.servlet.DispatcherServlet--initServletBean  -Initializing Servlet 'dispatcherServlet'
2022-04-20 19:06:57:871 INFO  61170 -- RMI TCP Connection(3)-100.64.83.44 o.s.a.rabbit.connection.CachingConnectionFactory--connectAddresses  -Attempting to connect to: [localhost:5672]
2022-04-20 19:06:57:872 INFO  61170 -- RMI TCP Connection(2)-100.64.83.44 org.springframework.web.servlet.DispatcherServlet--initServletBean  -Completed initialization in 6 ms
2022-04-20 19:06:57:884 INFO  61170 -- RMI TCP Connection(3)-100.64.83.44 o.s.a.rabbit.connection.CachingConnectionFactory--createBareConnection  -Created new connection: rabbitConnectionFactory#790d629a:0/SimpleConnection@7c5a55c4 [delegate=amqp://guest@127.0.0.1:5672/, localPort= 64953]
2022-04-20 19:09:54:599 WARN  61170 -- Thread-11 com.alibaba.nacos.common.notify.NotifyCenter--shutdown  -[NotifyCenter] Start destroying Publisher
2022-04-20 19:09:54:599 WARN  61170 -- Thread-2 com.alibaba.nacos.common.http.HttpClientBeanHolder--shutdown  -[HttpClientBeanHolder] Start destroying common HttpClient
2022-04-20 19:09:54:600 WARN  61170 -- Thread-11 com.alibaba.nacos.common.notify.NotifyCenter--shutdown  -[NotifyCenter] Destruction of the end
2022-04-20 19:09:54:601 WARN  61170 -- Thread-2 com.alibaba.nacos.common.http.HttpClientBeanHolder--shutdown  -[HttpClientBeanHolder] Destruction of the end
2022-04-20 19:09:54:622 INFO  61170 -- SpringApplicationShutdownHook o.s.integration.endpoint.EventDrivenConsumer--info  -Removing {logging-channel-adapter:_org.springframework.integration.errorLogger} as a subscriber to the 'errorChannel' channel
2022-04-20 19:09:54:622 INFO  61170 -- SpringApplicationShutdownHook o.s.integration.channel.PublishSubscribeChannel--info  -Channel 'aurora-file.errorChannel' has 0 subscriber(s).
2022-04-20 19:09:54:622 INFO  61170 -- SpringApplicationShutdownHook o.s.integration.endpoint.EventDrivenConsumer--info  -stopped bean '_org.springframework.integration.errorLogger'
2022-04-20 19:09:54:635 INFO  61170 -- SpringApplicationShutdownHook c.a.cloud.nacos.registry.NacosServiceRegistry--deregister  -De-registering from Nacos Server now...
2022-04-20 19:09:54:639 INFO  61170 -- SpringApplicationShutdownHook c.a.cloud.nacos.registry.NacosServiceRegistry--deregister  -De-registration finished.
2022-04-20 19:10:00:796 INFO  61170 -- SpringApplicationShutdownHook com.alibaba.druid.pool.DruidDataSource--close  -{dataSource-1} closing ...
2022-04-20 19:10:00:808 INFO  61170 -- SpringApplicationShutdownHook com.alibaba.druid.pool.DruidDataSource--close  -{dataSource-1} closed
2022-04-20 19:40:27:411 INFO  81601 -- background-preinit org.hibernate.validator.internal.util.Version--<clinit>  -HV000001: Hibernate Validator 6.2.2.Final
2022-04-20 19:40:27:565 INFO  81601 -- main xyz.xcye.file.AuroraFileRun--logStarting  -Starting AuroraFileRun using Java 11.0.13 on auroradeMacBook-Pro.local with PID 81601 (/Volumes/Code/Java-code/aurora-theme/aurora-file/target/classes started by aurora in /Volumes/Code/Java-code/aurora-theme)
2022-04-20 19:40:27:568 INFO  81601 -- main xyz.xcye.file.AuroraFileRun--logStartupProfileInfo  -No active profile set, falling back to 1 default profile: "default"
2022-04-20 19:40:30:819 INFO  81601 -- main o.s.d.r.config.RepositoryConfigurationDelegate--multipleStoresDetected  -Multiple Spring Data modules found, entering strict repository configuration mode!
2022-04-20 19:40:30:822 INFO  81601 -- main o.s.d.r.config.RepositoryConfigurationDelegate--registerRepositoriesIn  -Bootstrapping Spring Data JDBC repositories in DEFAULT mode.
2022-04-20 19:40:30:855 INFO  81601 -- main o.s.d.r.config.RepositoryConfigurationDelegate--registerRepositoriesIn  -Finished Spring Data repository scanning in 21 ms. Found 0 JDBC repository interfaces.
2022-04-20 19:40:30:891 INFO  81601 -- main o.s.d.r.config.RepositoryConfigurationDelegate--multipleStoresDetected  -Multiple Spring Data modules found, entering strict repository configuration mode!
2022-04-20 19:40:30:894 INFO  81601 -- main o.s.d.r.config.RepositoryConfigurationDelegate--registerRepositoriesIn  -Bootstrapping Spring Data Redis repositories in DEFAULT mode.
2022-04-20 19:40:30:927 INFO  81601 -- main o.s.d.r.config.RepositoryConfigurationDelegate--registerRepositoriesIn  -Finished Spring Data repository scanning in 7 ms. Found 0 Redis repository interfaces.
2022-04-20 19:40:31:411 INFO  81601 -- main o.s.i.c.DefaultConfiguringBeanFactoryPostProcessor--info  -No bean named 'errorChannel' has been explicitly defined. Therefore, a default PublishSubscribeChannel will be created.
2022-04-20 19:40:31:468 INFO  81601 -- main o.s.i.c.DefaultConfiguringBeanFactoryPostProcessor--info  -No bean named 'integrationHeaderChannelRegistry' has been explicitly defined. Therefore, a default DefaultHeaderChannelRegistry will be created.
2022-04-20 19:40:31:765 INFO  81601 -- main o.springframework.cloud.context.scope.GenericScope--setSerializationId  -BeanFactory id=5615f3a8-7ad1-3b7d-8b9d-76827a8e2e8a
2022-04-20 19:40:32:377 INFO  81601 -- main o.s.c.s.PostProcessorRegistrationDelegate$BeanPostProcessorChecker--postProcessAfterInitialization  -Bean 'fileWebConfig' of type [xyz.xcye.file.config.FileWebConfig$$EnhancerBySpringCGLIB$$1] is not eligible for getting processed by all BeanPostProcessors (for example: not eligible for auto-proxying)
2022-04-20 19:40:32:420 INFO  81601 -- main o.s.c.s.PostProcessorRegistrationDelegate$BeanPostProcessorChecker--postProcessAfterInitialization  -Bean 'integrationChannelResolver' of type [org.springframework.integration.support.channel.BeanFactoryChannelResolver] is not eligible for getting processed by all BeanPostProcessors (for example: not eligible for auto-proxying)
2022-04-20 19:40:32:490 INFO  81601 -- main o.s.c.s.PostProcessorRegistrationDelegate$BeanPostProcessorChecker--postProcessAfterInitialization  -Bean 'org.springframework.integration.config.IntegrationManagementConfiguration' of type [org.springframework.integration.config.IntegrationManagementConfiguration] is not eligible for getting processed by all BeanPostProcessors (for example: not eligible for auto-proxying)
2022-04-20 19:40:32:505 INFO  81601 -- main o.s.c.s.PostProcessorRegistrationDelegate$BeanPostProcessorChecker--postProcessAfterInitialization  -Bean 'org.springframework.boot.autoconfigure.integration.IntegrationAutoConfiguration$IntegrationJmxConfiguration' of type [org.springframework.boot.autoconfigure.integration.IntegrationAutoConfiguration$IntegrationJmxConfiguration] is not eligible for getting processed by all BeanPostProcessors (for example: not eligible for auto-proxying)
2022-04-20 19:40:32:525 INFO  81601 -- main o.s.c.s.PostProcessorRegistrationDelegate$BeanPostProcessorChecker--postProcessAfterInitialization  -Bean 'org.springframework.boot.autoconfigure.jmx.JmxAutoConfiguration' of type [org.springframework.boot.autoconfigure.jmx.JmxAutoConfiguration] is not eligible for getting processed by all BeanPostProcessors (for example: not eligible for auto-proxying)
2022-04-20 19:40:32:534 INFO  81601 -- main o.s.c.s.PostProcessorRegistrationDelegate$BeanPostProcessorChecker--postProcessAfterInitialization  -Bean 'mbeanServer' of type [com.sun.jmx.mbeanserver.JmxMBeanServer] is not eligible for getting processed by all BeanPostProcessors (for example: not eligible for auto-proxying)
2022-04-20 19:40:33:367 INFO  81601 -- main o.s.boot.web.embedded.tomcat.TomcatWebServer--initialize  -Tomcat initialized with port(s): 6767 (http)
2022-04-20 19:40:33:389 INFO  81601 -- main org.apache.coyote.http11.Http11NioProtocol--log  -Initializing ProtocolHandler ["http-nio-6767"]
2022-04-20 19:40:33:390 INFO  81601 -- main org.apache.catalina.core.StandardService--log  -Starting service [Tomcat]
2022-04-20 19:40:33:390 INFO  81601 -- main org.apache.catalina.core.StandardEngine--log  -Starting Servlet engine: [Apache Tomcat/9.0.58]
2022-04-20 19:40:33:622 INFO  81601 -- main o.a.c.core.ContainerBase.[Tomcat].[localhost].[/]--log  -Initializing Spring embedded WebApplicationContext
2022-04-20 19:40:33:623 INFO  81601 -- main o.s.b.w.s.c.ServletWebServerApplicationContext--prepareWebApplicationContext  -Root WebApplicationContext: initialization completed in 5959 ms
2022-04-20 19:40:34:555 ERROR 81601 -- main xyz.xcye.file.manager.cache.RedisCache--getId  -34
2022-04-20 19:40:34:555 ERROR 81601 -- main xyz.xcye.file.manager.cache.RedisCache--getId  -34
2022-04-20 19:40:36:972 INFO  81601 -- main o.s.b.actuate.endpoint.web.EndpointLinksResolver--<init>  -Exposing 22 endpoint(s) beneath base path '/actuator'
2022-04-20 19:40:38:518 INFO  81601 -- main o.s.c.s.f.FunctionConfiguration$FunctionBindingRegistrar--afterPropertiesSet  -Functional binding is disabled due to the presense of @EnableBinding annotation in your configuration
2022-04-20 19:40:39:026 INFO  81601 -- main com.alibaba.druid.pool.DruidDataSource--init  -{dataSource-1} inited
2022-04-20 19:40:39:595 WARN  81601 -- main o.s.c.l.c.LoadBalancerCacheAutoConfiguration$LoadBalancerCaffeineWarnLogger--logWarning  -Spring Cloud LoadBalancer is currently working with the default cache. While this cache implementation is useful for development and tests, it's recommended to use Caffeine cache in production.You can switch to using Caffeine cache, by adding it and org.springframework.cache.caffeine.CaffeineCacheManager to the classpath.
2022-04-20 19:40:40:070 INFO  81601 -- main o.s.integration.monitor.IntegrationMBeanExporter--registerChannel  -Registering MessageChannel output
2022-04-20 19:40:40:169 INFO  81601 -- main o.s.integration.monitor.IntegrationMBeanExporter--registerChannel  -Registering MessageChannel errorChannel
2022-04-20 19:40:40:198 INFO  81601 -- main o.s.integration.monitor.IntegrationMBeanExporter--registerChannel  -Registering MessageChannel nullChannel
2022-04-20 19:40:40:216 INFO  81601 -- main o.s.integration.monitor.IntegrationMBeanExporter--registerHandler  -Registering MessageHandler _org.springframework.integration.errorLogger
2022-04-20 19:40:40:280 INFO  81601 -- main o.s.integration.endpoint.EventDrivenConsumer--info  -Adding {logging-channel-adapter:_org.springframework.integration.errorLogger} as a subscriber to the 'errorChannel' channel
2022-04-20 19:40:40:280 INFO  81601 -- main o.s.integration.channel.PublishSubscribeChannel--info  -Channel 'aurora-file.errorChannel' has 1 subscriber(s).
2022-04-20 19:40:40:281 INFO  81601 -- main o.s.integration.endpoint.EventDrivenConsumer--info  -started bean '_org.springframework.integration.errorLogger'
2022-04-20 19:40:40:284 INFO  81601 -- main o.s.cloud.stream.binder.DefaultBinderFactory--getBinderInstance  -Creating binder: defaultRabbit
2022-04-20 19:40:40:482 INFO  81601 -- main o.s.cloud.stream.binder.DefaultBinderFactory--getBinderInstance  -Caching the binder: defaultRabbit
2022-04-20 19:40:40:482 INFO  81601 -- main o.s.cloud.stream.binder.DefaultBinderFactory--getBinderInstance  -Retrieving cached binder: defaultRabbit
2022-04-20 19:40:40:677 INFO  81601 -- main o.s.a.rabbit.connection.CachingConnectionFactory--connectAddresses  -Attempting to connect to: [127.0.0.1:5672]
2022-04-20 19:40:40:735 INFO  81601 -- main o.s.a.rabbit.connection.CachingConnectionFactory--createBareConnection  -Created new connection: rabbitConnectionFactory#6bd8890d:0/SimpleConnection@5e2023af [delegate=amqp://admin@127.0.0.1:5672/, localPort= 50683]
2022-04-20 19:40:40:797 INFO  81601 -- main o.s.c.stream.messaging.DirectWithAttributesChannel--info  -Channel 'aurora-file.output' has 1 subscriber(s).
2022-04-20 19:40:45:952 INFO  81601 -- main org.apache.coyote.http11.Http11NioProtocol--log  -Starting ProtocolHandler ["http-nio-6767"]
2022-04-20 19:40:45:981 INFO  81601 -- main o.s.boot.web.embedded.tomcat.TomcatWebServer--start  -Tomcat started on port(s): 6767 (http) with context path ''
2022-04-20 19:40:46:002 INFO  81601 -- main c.a.cloud.nacos.registry.NacosServiceRegistry--register  -nacos registry, DEFAULT_GROUP aurora-file 100.64.83.44:6767 register finished
2022-04-20 19:40:46:426 INFO  81601 -- main xyz.xcye.file.AuroraFileRun--logStarted  -Started AuroraFileRun in 20.203 seconds (JVM running for 29.915)
2022-04-20 19:40:46:583 INFO  81601 -- RMI TCP Connection(7)-100.64.83.44 o.a.c.core.ContainerBase.[Tomcat].[localhost].[/]--log  -Initializing Spring DispatcherServlet 'dispatcherServlet'
2022-04-20 19:40:46:584 INFO  81601 -- RMI TCP Connection(7)-100.64.83.44 org.springframework.web.servlet.DispatcherServlet--initServletBean  -Initializing Servlet 'dispatcherServlet'
2022-04-20 19:40:46:586 INFO  81601 -- RMI TCP Connection(6)-100.64.83.44 o.s.a.rabbit.connection.CachingConnectionFactory--connectAddresses  -Attempting to connect to: [localhost:5672]
2022-04-20 19:40:46:589 INFO  81601 -- RMI TCP Connection(7)-100.64.83.44 org.springframework.web.servlet.DispatcherServlet--initServletBean  -Completed initialization in 4 ms
2022-04-20 19:40:46:594 INFO  81601 -- RMI TCP Connection(6)-100.64.83.44 o.s.a.rabbit.connection.CachingConnectionFactory--createBareConnection  -Created new connection: rabbitConnectionFactory#77b1ba0b:0/SimpleConnection@1ada5026 [delegate=amqp://guest@127.0.0.1:5672/, localPort= 50731]
2022-04-20 19:41:12:214 WARN  81601 -- Thread-14 com.alibaba.nacos.common.http.HttpClientBeanHolder--shutdown  -[HttpClientBeanHolder] Start destroying common HttpClient
2022-04-20 19:41:12:215 WARN  81601 -- Thread-23 com.alibaba.nacos.common.notify.NotifyCenter--shutdown  -[NotifyCenter] Start destroying Publisher
2022-04-20 19:41:12:218 WARN  81601 -- Thread-23 com.alibaba.nacos.common.notify.NotifyCenter--shutdown  -[NotifyCenter] Destruction of the end
2022-04-20 19:41:12:220 WARN  81601 -- Thread-14 com.alibaba.nacos.common.http.HttpClientBeanHolder--shutdown  -[HttpClientBeanHolder] Destruction of the end
2022-04-20 19:41:12:260 INFO  81601 -- SpringApplicationShutdownHook o.s.integration.endpoint.EventDrivenConsumer--info  -Removing {logging-channel-adapter:_org.springframework.integration.errorLogger} as a subscriber to the 'errorChannel' channel
2022-04-20 19:41:12:261 INFO  81601 -- SpringApplicationShutdownHook o.s.integration.channel.PublishSubscribeChannel--info  -Channel 'aurora-file.errorChannel' has 0 subscriber(s).
2022-04-20 19:41:12:261 INFO  81601 -- SpringApplicationShutdownHook o.s.integration.endpoint.EventDrivenConsumer--info  -stopped bean '_org.springframework.integration.errorLogger'
2022-04-20 19:41:12:288 INFO  81601 -- SpringApplicationShutdownHook c.a.cloud.nacos.registry.NacosServiceRegistry--deregister  -De-registering from Nacos Server now...
2022-04-20 19:41:12:292 INFO  81601 -- SpringApplicationShutdownHook c.a.cloud.nacos.registry.NacosServiceRegistry--deregister  -De-registration finished.
2022-04-20 23:09:36:121 INFO  7529 -- background-preinit org.hibernate.validator.internal.util.Version--<clinit>  -HV000001: Hibernate Validator 6.2.2.Final
2022-04-20 23:09:36:170 INFO  7529 -- main xyz.xcye.file.AuroraFileRun--logStarting  -Starting AuroraFileRun using Java 11.0.13 on auroradeMacBook-Pro.local with PID 7529 (/Volumes/Code/Java-code/aurora-theme/aurora-file/target/classes started by aurora in /Volumes/Code/Java-code/aurora-theme)
2022-04-20 23:09:36:173 INFO  7529 -- main xyz.xcye.file.AuroraFileRun--logStartupProfileInfo  -No active profile set, falling back to 1 default profile: "default"
2022-04-20 23:09:39:432 INFO  7529 -- main o.s.d.r.config.RepositoryConfigurationDelegate--multipleStoresDetected  -Multiple Spring Data modules found, entering strict repository configuration mode!
2022-04-20 23:09:39:436 INFO  7529 -- main o.s.d.r.config.RepositoryConfigurationDelegate--registerRepositoriesIn  -Bootstrapping Spring Data JDBC repositories in DEFAULT mode.
2022-04-20 23:09:39:473 INFO  7529 -- main o.s.d.r.config.RepositoryConfigurationDelegate--registerRepositoriesIn  -Finished Spring Data repository scanning in 23 ms. Found 0 JDBC repository interfaces.
2022-04-20 23:09:39:506 INFO  7529 -- main o.s.d.r.config.RepositoryConfigurationDelegate--multipleStoresDetected  -Multiple Spring Data modules found, entering strict repository configuration mode!
2022-04-20 23:09:39:509 INFO  7529 -- main o.s.d.r.config.RepositoryConfigurationDelegate--registerRepositoriesIn  -Bootstrapping Spring Data Redis repositories in DEFAULT mode.
2022-04-20 23:09:39:546 INFO  7529 -- main o.s.d.r.config.RepositoryConfigurationDelegate--registerRepositoriesIn  -Finished Spring Data repository scanning in 9 ms. Found 0 Redis repository interfaces.
2022-04-20 23:09:40:323 INFO  7529 -- main o.s.i.c.DefaultConfiguringBeanFactoryPostProcessor--info  -No bean named 'errorChannel' has been explicitly defined. Therefore, a default PublishSubscribeChannel will be created.
2022-04-20 23:09:40:372 INFO  7529 -- main o.s.i.c.DefaultConfiguringBeanFactoryPostProcessor--info  -No bean named 'integrationHeaderChannelRegistry' has been explicitly defined. Therefore, a default DefaultHeaderChannelRegistry will be created.
2022-04-20 23:09:40:895 INFO  7529 -- main o.springframework.cloud.context.scope.GenericScope--setSerializationId  -BeanFactory id=b937b0ea-6598-31df-ba76-6beb3fc2b143
2022-04-20 23:09:41:937 INFO  7529 -- main o.s.c.s.PostProcessorRegistrationDelegate$BeanPostProcessorChecker--postProcessAfterInitialization  -Bean 'fileWebConfig' of type [xyz.xcye.file.config.FileWebConfig$$EnhancerBySpringCGLIB$$6520a34d] is not eligible for getting processed by all BeanPostProcessors (for example: not eligible for auto-proxying)
2022-04-20 23:09:41:991 INFO  7529 -- main o.s.c.s.PostProcessorRegistrationDelegate$BeanPostProcessorChecker--postProcessAfterInitialization  -Bean 'integrationChannelResolver' of type [org.springframework.integration.support.channel.BeanFactoryChannelResolver] is not eligible for getting processed by all BeanPostProcessors (for example: not eligible for auto-proxying)
2022-04-20 23:09:42:234 INFO  7529 -- main o.s.c.s.PostProcessorRegistrationDelegate$BeanPostProcessorChecker--postProcessAfterInitialization  -Bean 'org.springframework.integration.config.IntegrationManagementConfiguration' of type [org.springframework.integration.config.IntegrationManagementConfiguration] is not eligible for getting processed by all BeanPostProcessors (for example: not eligible for auto-proxying)
2022-04-20 23:09:42:299 INFO  7529 -- main o.s.c.s.PostProcessorRegistrationDelegate$BeanPostProcessorChecker--postProcessAfterInitialization  -Bean 'org.springframework.boot.autoconfigure.integration.IntegrationAutoConfiguration$IntegrationJmxConfiguration' of type [org.springframework.boot.autoconfigure.integration.IntegrationAutoConfiguration$IntegrationJmxConfiguration] is not eligible for getting processed by all BeanPostProcessors (for example: not eligible for auto-proxying)
2022-04-20 23:09:42:339 INFO  7529 -- main o.s.c.s.PostProcessorRegistrationDelegate$BeanPostProcessorChecker--postProcessAfterInitialization  -Bean 'org.springframework.boot.autoconfigure.jmx.JmxAutoConfiguration' of type [org.springframework.boot.autoconfigure.jmx.JmxAutoConfiguration] is not eligible for getting processed by all BeanPostProcessors (for example: not eligible for auto-proxying)
2022-04-20 23:09:42:353 INFO  7529 -- main o.s.c.s.PostProcessorRegistrationDelegate$BeanPostProcessorChecker--postProcessAfterInitialization  -Bean 'mbeanServer' of type [com.sun.jmx.mbeanserver.JmxMBeanServer] is not eligible for getting processed by all BeanPostProcessors (for example: not eligible for auto-proxying)
2022-04-20 23:09:44:493 INFO  7529 -- main o.s.boot.web.embedded.tomcat.TomcatWebServer--initialize  -Tomcat initialized with port(s): 6767 (http)
2022-04-20 23:09:44:524 INFO  7529 -- main org.apache.coyote.http11.Http11NioProtocol--log  -Initializing ProtocolHandler ["http-nio-6767"]
2022-04-20 23:09:44:525 INFO  7529 -- main org.apache.catalina.core.StandardService--log  -Starting service [Tomcat]
2022-04-20 23:09:44:526 INFO  7529 -- main org.apache.catalina.core.StandardEngine--log  -Starting Servlet engine: [Apache Tomcat/9.0.58]
2022-04-20 23:09:44:857 INFO  7529 -- main o.a.c.core.ContainerBase.[Tomcat].[localhost].[/]--log  -Initializing Spring embedded WebApplicationContext
2022-04-20 23:09:44:858 INFO  7529 -- main o.s.b.w.s.c.ServletWebServerApplicationContext--prepareWebApplicationContext  -Root WebApplicationContext: initialization completed in 8613 ms
2022-04-20 23:09:46:059 ERROR 7529 -- main xyz.xcye.file.manager.cache.RedisCache--getId  -34
2022-04-20 23:09:46:060 ERROR 7529 -- main xyz.xcye.file.manager.cache.RedisCache--getId  -34
2022-04-20 23:09:48:526 INFO  7529 -- main o.s.b.actuate.endpoint.web.EndpointLinksResolver--<init>  -Exposing 22 endpoint(s) beneath base path '/actuator'
2022-04-20 23:09:50:022 INFO  7529 -- main o.s.c.s.f.FunctionConfiguration$FunctionBindingRegistrar--afterPropertiesSet  -Functional binding is disabled due to the presense of @EnableBinding annotation in your configuration
2022-04-20 23:09:50:745 INFO  7529 -- main com.alibaba.druid.pool.DruidDataSource--init  -{dataSource-1} inited
2022-04-20 23:09:51:374 WARN  7529 -- main o.s.c.l.c.LoadBalancerCacheAutoConfiguration$LoadBalancerCaffeineWarnLogger--logWarning  -Spring Cloud LoadBalancer is currently working with the default cache. While this cache implementation is useful for development and tests, it's recommended to use Caffeine cache in production.You can switch to using Caffeine cache, by adding it and org.springframework.cache.caffeine.CaffeineCacheManager to the classpath.
2022-04-20 23:09:52:086 INFO  7529 -- main o.s.integration.monitor.IntegrationMBeanExporter--registerChannel  -Registering MessageChannel output
2022-04-20 23:09:52:186 INFO  7529 -- main o.s.integration.monitor.IntegrationMBeanExporter--registerChannel  -Registering MessageChannel errorChannel
2022-04-20 23:09:52:219 INFO  7529 -- main o.s.integration.monitor.IntegrationMBeanExporter--registerChannel  -Registering MessageChannel nullChannel
2022-04-20 23:09:52:241 INFO  7529 -- main o.s.integration.monitor.IntegrationMBeanExporter--registerHandler  -Registering MessageHandler _org.springframework.integration.errorLogger
2022-04-20 23:09:52:322 INFO  7529 -- main o.s.integration.endpoint.EventDrivenConsumer--info  -Adding {logging-channel-adapter:_org.springframework.integration.errorLogger} as a subscriber to the 'errorChannel' channel
2022-04-20 23:09:52:322 INFO  7529 -- main o.s.integration.channel.PublishSubscribeChannel--info  -Channel 'aurora-file.errorChannel' has 1 subscriber(s).
2022-04-20 23:09:52:323 INFO  7529 -- main o.s.integration.endpoint.EventDrivenConsumer--info  -started bean '_org.springframework.integration.errorLogger'
2022-04-20 23:09:52:325 INFO  7529 -- main o.s.cloud.stream.binder.DefaultBinderFactory--getBinderInstance  -Creating binder: defaultRabbit
2022-04-20 23:09:52:629 INFO  7529 -- main o.s.cloud.stream.binder.DefaultBinderFactory--getBinderInstance  -Caching the binder: defaultRabbit
2022-04-20 23:09:52:630 INFO  7529 -- main o.s.cloud.stream.binder.DefaultBinderFactory--getBinderInstance  -Retrieving cached binder: defaultRabbit
2022-04-20 23:09:52:923 INFO  7529 -- main o.s.a.rabbit.connection.CachingConnectionFactory--connectAddresses  -Attempting to connect to: [127.0.0.1:5672]
2022-04-20 23:09:53:007 INFO  7529 -- main o.s.a.rabbit.connection.CachingConnectionFactory--createBareConnection  -Created new connection: rabbitConnectionFactory#78762e87:0/SimpleConnection@3ed1446c [delegate=amqp://admin@127.0.0.1:5672/, localPort= 55632]
2022-04-20 23:09:53:108 INFO  7529 -- main o.s.c.stream.messaging.DirectWithAttributesChannel--info  -Channel 'aurora-file.output' has 1 subscriber(s).
2022-04-20 23:09:58:367 INFO  7529 -- main org.apache.coyote.http11.Http11NioProtocol--log  -Starting ProtocolHandler ["http-nio-6767"]
2022-04-20 23:09:58:424 INFO  7529 -- main o.s.boot.web.embedded.tomcat.TomcatWebServer--start  -Tomcat started on port(s): 6767 (http) with context path ''
2022-04-20 23:09:58:477 INFO  7529 -- main c.a.cloud.nacos.registry.NacosServiceRegistry--register  -nacos registry, DEFAULT_GROUP aurora-file 100.64.83.44:6767 register finished
2022-04-20 23:09:59:202 INFO  7529 -- main xyz.xcye.file.AuroraFileRun--logStarted  -Started AuroraFileRun in 23.945 seconds (JVM running for 30.978)
2022-04-20 23:09:59:503 INFO  7529 -- RMI TCP Connection(6)-100.64.83.44 o.a.c.core.ContainerBase.[Tomcat].[localhost].[/]--log  -Initializing Spring DispatcherServlet 'dispatcherServlet'
2022-04-20 23:09:59:504 INFO  7529 -- RMI TCP Connection(6)-100.64.83.44 org.springframework.web.servlet.DispatcherServlet--initServletBean  -Initializing Servlet 'dispatcherServlet'
2022-04-20 23:09:59:508 INFO  7529 -- RMI TCP Connection(7)-100.64.83.44 o.s.a.rabbit.connection.CachingConnectionFactory--connectAddresses  -Attempting to connect to: [localhost:5672]
2022-04-20 23:09:59:512 INFO  7529 -- RMI TCP Connection(6)-100.64.83.44 org.springframework.web.servlet.DispatcherServlet--initServletBean  -Completed initialization in 7 ms
2022-04-20 23:09:59:526 INFO  7529 -- RMI TCP Connection(7)-100.64.83.44 o.s.a.rabbit.connection.CachingConnectionFactory--createBareConnection  -Created new connection: rabbitConnectionFactory#7aef8000:0/SimpleConnection@6a9bb2ed [delegate=amqp://guest@127.0.0.1:5672/, localPort= 55645]
2022-04-20 23:10:37:682 WARN  7529 -- Thread-11 com.alibaba.nacos.common.notify.NotifyCenter--shutdown  -[NotifyCenter] Start destroying Publisher
2022-04-20 23:10:37:682 WARN  7529 -- Thread-2 com.alibaba.nacos.common.http.HttpClientBeanHolder--shutdown  -[HttpClientBeanHolder] Start destroying common HttpClient
2022-04-20 23:10:37:683 WARN  7529 -- Thread-11 com.alibaba.nacos.common.notify.NotifyCenter--shutdown  -[NotifyCenter] Destruction of the end
2022-04-20 23:10:37:683 WARN  7529 -- Thread-2 com.alibaba.nacos.common.http.HttpClientBeanHolder--shutdown  -[HttpClientBeanHolder] Destruction of the end
2022-04-20 23:10:37:719 INFO  7529 -- SpringApplicationShutdownHook o.s.integration.endpoint.EventDrivenConsumer--info  -Removing {logging-channel-adapter:_org.springframework.integration.errorLogger} as a subscriber to the 'errorChannel' channel
2022-04-20 23:10:37:719 INFO  7529 -- SpringApplicationShutdownHook o.s.integration.channel.PublishSubscribeChannel--info  -Channel 'aurora-file.errorChannel' has 0 subscriber(s).
2022-04-20 23:10:37:721 INFO  7529 -- SpringApplicationShutdownHook o.s.integration.endpoint.EventDrivenConsumer--info  -stopped bean '_org.springframework.integration.errorLogger'
2022-04-20 23:10:37:741 INFO  7529 -- SpringApplicationShutdownHook c.a.cloud.nacos.registry.NacosServiceRegistry--deregister  -De-registering from Nacos Server now...
2022-04-20 23:10:37:748 INFO  7529 -- SpringApplicationShutdownHook c.a.cloud.nacos.registry.NacosServiceRegistry--deregister  -De-registration finished.
2022-04-20 23:20:03:104 INFO  13831 -- background-preinit org.hibernate.validator.internal.util.Version--<clinit>  -HV000001: Hibernate Validator 6.2.2.Final
2022-04-20 23:20:03:169 INFO  13831 -- main xyz.xcye.file.AuroraFileRun--logStarting  -Starting AuroraFileRun using Java 11.0.13 on auroradeMacBook-Pro.local with PID 13831 (/Volumes/Code/Java-code/aurora-theme/aurora-file/target/classes started by aurora in /Volumes/Code/Java-code/aurora-theme)
2022-04-20 23:20:03:173 INFO  13831 -- main xyz.xcye.file.AuroraFileRun--logStartupProfileInfo  -No active profile set, falling back to 1 default profile: "default"
2022-04-20 23:20:09:504 INFO  13831 -- main o.s.d.r.config.RepositoryConfigurationDelegate--multipleStoresDetected  -Multiple Spring Data modules found, entering strict repository configuration mode!
2022-04-20 23:20:09:506 INFO  13831 -- main o.s.d.r.config.RepositoryConfigurationDelegate--registerRepositoriesIn  -Bootstrapping Spring Data JDBC repositories in DEFAULT mode.
2022-04-20 23:20:09:582 INFO  13831 -- main o.s.d.r.config.RepositoryConfigurationDelegate--registerRepositoriesIn  -Finished Spring Data repository scanning in 54 ms. Found 0 JDBC repository interfaces.
2022-04-20 23:20:09:666 INFO  13831 -- main o.s.d.r.config.RepositoryConfigurationDelegate--multipleStoresDetected  -Multiple Spring Data modules found, entering strict repository configuration mode!
2022-04-20 23:20:09:669 INFO  13831 -- main o.s.d.r.config.RepositoryConfigurationDelegate--registerRepositoriesIn  -Bootstrapping Spring Data Redis repositories in DEFAULT mode.
2022-04-20 23:20:09:735 INFO  13831 -- main o.s.d.r.config.RepositoryConfigurationDelegate--registerRepositoriesIn  -Finished Spring Data repository scanning in 20 ms. Found 0 Redis repository interfaces.
2022-04-20 23:20:10:202 INFO  13831 -- main o.s.i.c.DefaultConfiguringBeanFactoryPostProcessor--info  -No bean named 'errorChannel' has been explicitly defined. Therefore, a default PublishSubscribeChannel will be created.
2022-04-20 23:20:10:243 INFO  13831 -- main o.s.i.c.DefaultConfiguringBeanFactoryPostProcessor--info  -No bean named 'integrationHeaderChannelRegistry' has been explicitly defined. Therefore, a default DefaultHeaderChannelRegistry will be created.
2022-04-20 23:20:10:731 INFO  13831 -- main o.springframework.cloud.context.scope.GenericScope--setSerializationId  -BeanFactory id=b937b0ea-6598-31df-ba76-6beb3fc2b143
2022-04-20 23:20:11:879 INFO  13831 -- main o.s.c.s.PostProcessorRegistrationDelegate$BeanPostProcessorChecker--postProcessAfterInitialization  -Bean 'fileWebConfig' of type [xyz.xcye.file.config.FileWebConfig$$EnhancerBySpringCGLIB$$32dc4fe7] is not eligible for getting processed by all BeanPostProcessors (for example: not eligible for auto-proxying)
2022-04-20 23:20:11:952 INFO  13831 -- main o.s.c.s.PostProcessorRegistrationDelegate$BeanPostProcessorChecker--postProcessAfterInitialization  -Bean 'integrationChannelResolver' of type [org.springframework.integration.support.channel.BeanFactoryChannelResolver] is not eligible for getting processed by all BeanPostProcessors (for example: not eligible for auto-proxying)
2022-04-20 23:20:12:047 INFO  13831 -- main o.s.c.s.PostProcessorRegistrationDelegate$BeanPostProcessorChecker--postProcessAfterInitialization  -Bean 'org.springframework.integration.config.IntegrationManagementConfiguration' of type [org.springframework.integration.config.IntegrationManagementConfiguration] is not eligible for getting processed by all BeanPostProcessors (for example: not eligible for auto-proxying)
2022-04-20 23:20:12:133 INFO  13831 -- main o.s.c.s.PostProcessorRegistrationDelegate$BeanPostProcessorChecker--postProcessAfterInitialization  -Bean 'org.springframework.boot.autoconfigure.integration.IntegrationAutoConfiguration$IntegrationJmxConfiguration' of type [org.springframework.boot.autoconfigure.integration.IntegrationAutoConfiguration$IntegrationJmxConfiguration] is not eligible for getting processed by all BeanPostProcessors (for example: not eligible for auto-proxying)
2022-04-20 23:20:12:204 INFO  13831 -- main o.s.c.s.PostProcessorRegistrationDelegate$BeanPostProcessorChecker--postProcessAfterInitialization  -Bean 'org.springframework.boot.autoconfigure.jmx.JmxAutoConfiguration' of type [org.springframework.boot.autoconfigure.jmx.JmxAutoConfiguration] is not eligible for getting processed by all BeanPostProcessors (for example: not eligible for auto-proxying)
2022-04-20 23:20:12:242 INFO  13831 -- main o.s.c.s.PostProcessorRegistrationDelegate$BeanPostProcessorChecker--postProcessAfterInitialization  -Bean 'mbeanServer' of type [com.sun.jmx.mbeanserver.JmxMBeanServer] is not eligible for getting processed by all BeanPostProcessors (for example: not eligible for auto-proxying)
2022-04-20 23:20:14:544 INFO  13831 -- main o.s.boot.web.embedded.tomcat.TomcatWebServer--initialize  -Tomcat initialized with port(s): 6767 (http)
2022-04-20 23:20:14:629 INFO  13831 -- main org.apache.coyote.http11.Http11NioProtocol--log  -Initializing ProtocolHandler ["http-nio-6767"]
2022-04-20 23:20:14:640 INFO  13831 -- main org.apache.catalina.core.StandardService--log  -Starting service [Tomcat]
2022-04-20 23:20:14:657 INFO  13831 -- main org.apache.catalina.core.StandardEngine--log  -Starting Servlet engine: [Apache Tomcat/9.0.58]
2022-04-20 23:20:15:776 INFO  13831 -- main o.a.c.core.ContainerBase.[Tomcat].[localhost].[/]--log  -Initializing Spring embedded WebApplicationContext
2022-04-20 23:20:15:776 INFO  13831 -- main o.s.b.w.s.c.ServletWebServerApplicationContext--prepareWebApplicationContext  -Root WebApplicationContext: initialization completed in 12448 ms
2022-04-20 23:20:18:678 ERROR 13831 -- main xyz.xcye.file.manager.cache.RedisCache--getId  -34
2022-04-20 23:20:18:679 ERROR 13831 -- main xyz.xcye.file.manager.cache.RedisCache--getId  -34
2022-04-20 23:20:24:678 INFO  13831 -- main o.s.b.actuate.endpoint.web.EndpointLinksResolver--<init>  -Exposing 22 endpoint(s) beneath base path '/actuator'
2022-04-20 23:20:28:476 INFO  13831 -- main o.s.c.s.f.FunctionConfiguration$FunctionBindingRegistrar--afterPropertiesSet  -Functional binding is disabled due to the presense of @EnableBinding annotation in your configuration
2022-04-20 23:20:29:186 INFO  13831 -- main com.alibaba.druid.pool.DruidDataSource--init  -{dataSource-1} inited
2022-04-20 23:20:29:899 WARN  13831 -- main o.s.c.l.c.LoadBalancerCacheAutoConfiguration$LoadBalancerCaffeineWarnLogger--logWarning  -Spring Cloud LoadBalancer is currently working with the default cache. While this cache implementation is useful for development and tests, it's recommended to use Caffeine cache in production.You can switch to using Caffeine cache, by adding it and org.springframework.cache.caffeine.CaffeineCacheManager to the classpath.
2022-04-20 23:20:30:633 INFO  13831 -- main o.s.integration.monitor.IntegrationMBeanExporter--registerChannel  -Registering MessageChannel output
2022-04-20 23:20:30:787 INFO  13831 -- main o.s.integration.monitor.IntegrationMBeanExporter--registerChannel  -Registering MessageChannel errorChannel
2022-04-20 23:20:30:886 INFO  13831 -- main o.s.integration.monitor.IntegrationMBeanExporter--registerChannel  -Registering MessageChannel nullChannel
2022-04-20 23:20:30:917 INFO  13831 -- main o.s.integration.monitor.IntegrationMBeanExporter--registerHandler  -Registering MessageHandler _org.springframework.integration.errorLogger
2022-04-20 23:20:31:043 INFO  13831 -- main o.s.integration.endpoint.EventDrivenConsumer--info  -Adding {logging-channel-adapter:_org.springframework.integration.errorLogger} as a subscriber to the 'errorChannel' channel
2022-04-20 23:20:31:043 INFO  13831 -- main o.s.integration.channel.PublishSubscribeChannel--info  -Channel 'aurora-file.errorChannel' has 1 subscriber(s).
2022-04-20 23:20:31:044 INFO  13831 -- main o.s.integration.endpoint.EventDrivenConsumer--info  -started bean '_org.springframework.integration.errorLogger'
2022-04-20 23:20:31:047 INFO  13831 -- main o.s.cloud.stream.binder.DefaultBinderFactory--getBinderInstance  -Creating binder: defaultRabbit
2022-04-20 23:20:31:259 INFO  13831 -- main o.s.cloud.stream.binder.DefaultBinderFactory--getBinderInstance  -Caching the binder: defaultRabbit
2022-04-20 23:20:31:260 INFO  13831 -- main o.s.cloud.stream.binder.DefaultBinderFactory--getBinderInstance  -Retrieving cached binder: defaultRabbit
2022-04-20 23:20:31:500 INFO  13831 -- main o.s.a.rabbit.connection.CachingConnectionFactory--connectAddresses  -Attempting to connect to: [127.0.0.1:5672]
2022-04-20 23:20:31:554 INFO  13831 -- main o.s.a.rabbit.connection.CachingConnectionFactory--createBareConnection  -Created new connection: rabbitConnectionFactory#729eef5f:0/SimpleConnection@5c85ed05 [delegate=amqp://admin@127.0.0.1:5672/, localPort= 56119]
2022-04-20 23:20:31:609 INFO  13831 -- main o.s.c.stream.messaging.DirectWithAttributesChannel--info  -Channel 'aurora-file.output' has 1 subscriber(s).
2022-04-20 23:20:36:772 INFO  13831 -- main org.apache.coyote.http11.Http11NioProtocol--log  -Starting ProtocolHandler ["http-nio-6767"]
2022-04-20 23:20:36:811 INFO  13831 -- main o.s.boot.web.embedded.tomcat.TomcatWebServer--start  -Tomcat started on port(s): 6767 (http) with context path ''
2022-04-20 23:20:36:832 INFO  13831 -- main c.a.cloud.nacos.registry.NacosServiceRegistry--register  -nacos registry, DEFAULT_GROUP aurora-file 100.64.83.44:6767 register finished
2022-04-20 23:20:37:426 INFO  13831 -- main xyz.xcye.file.AuroraFileRun--logStarted  -Started AuroraFileRun in 35.707 seconds (JVM running for 42.819)
2022-04-20 23:20:37:945 INFO  13831 -- RMI TCP Connection(17)-100.64.83.44 o.a.c.core.ContainerBase.[Tomcat].[localhost].[/]--log  -Initializing Spring DispatcherServlet 'dispatcherServlet'
2022-04-20 23:20:37:946 INFO  13831 -- RMI TCP Connection(17)-100.64.83.44 org.springframework.web.servlet.DispatcherServlet--initServletBean  -Initializing Servlet 'dispatcherServlet'
2022-04-20 23:20:37:950 INFO  13831 -- RMI TCP Connection(18)-100.64.83.44 o.s.a.rabbit.connection.CachingConnectionFactory--connectAddresses  -Attempting to connect to: [localhost:5672]
2022-04-20 23:20:37:952 INFO  13831 -- RMI TCP Connection(17)-100.64.83.44 org.springframework.web.servlet.DispatcherServlet--initServletBean  -Completed initialization in 6 ms
2022-04-20 23:20:37:962 INFO  13831 -- RMI TCP Connection(18)-100.64.83.44 o.s.a.rabbit.connection.CachingConnectionFactory--createBareConnection  -Created new connection: rabbitConnectionFactory#72e1e587:0/SimpleConnection@5d7e2890 [delegate=amqp://guest@127.0.0.1:5672/, localPort= 56129]
2022-04-20 23:35:17:327 WARN  13831 -- Thread-11 com.alibaba.nacos.common.notify.NotifyCenter--shutdown  -[NotifyCenter] Start destroying Publisher
2022-04-20 23:35:17:327 WARN  13831 -- Thread-2 com.alibaba.nacos.common.http.HttpClientBeanHolder--shutdown  -[HttpClientBeanHolder] Start destroying common HttpClient
2022-04-20 23:35:17:328 WARN  13831 -- Thread-11 com.alibaba.nacos.common.notify.NotifyCenter--shutdown  -[NotifyCenter] Destruction of the end
2022-04-20 23:35:17:329 WARN  13831 -- Thread-2 com.alibaba.nacos.common.http.HttpClientBeanHolder--shutdown  -[HttpClientBeanHolder] Destruction of the end
2022-04-20 23:35:17:353 INFO  13831 -- SpringApplicationShutdownHook o.s.integration.endpoint.EventDrivenConsumer--info  -Removing {logging-channel-adapter:_org.springframework.integration.errorLogger} as a subscriber to the 'errorChannel' channel
2022-04-20 23:35:17:353 INFO  13831 -- SpringApplicationShutdownHook o.s.integration.channel.PublishSubscribeChannel--info  -Channel 'aurora-file.errorChannel' has 0 subscriber(s).
2022-04-20 23:35:17:354 INFO  13831 -- SpringApplicationShutdownHook o.s.integration.endpoint.EventDrivenConsumer--info  -stopped bean '_org.springframework.integration.errorLogger'
2022-04-20 23:35:17:367 INFO  13831 -- SpringApplicationShutdownHook c.a.cloud.nacos.registry.NacosServiceRegistry--deregister  -De-registering from Nacos Server now...
2022-04-20 23:35:17:369 INFO  13831 -- SpringApplicationShutdownHook c.a.cloud.nacos.registry.NacosServiceRegistry--deregister  -De-registration finished.
