2022-04-22 20:38:21:875 INFO  3344 -- background-preinit org.hibernate.validator.internal.util.Version--<clinit>  -HV000001: Hibernate Validator 6.2.2.Final
2022-04-22 20:38:21:901 INFO  3344 -- main xyz.xcye.file.AuroraFileRun--logStarting  -Starting AuroraFileRun using Java 11.0.13 on auroradeMacBook-Pro.local with PID 3344 (/Volumes/Code/Java-code/aurora-theme/aurora-file/target/classes started by aurora in /Volumes/Code/Java-code/aurora-theme)
2022-04-22 20:38:21:903 INFO  3344 -- main xyz.xcye.file.AuroraFileRun--logStartupProfileInfo  -No active profile set, falling back to 1 default profile: "default"
2022-04-22 20:38:23:372 INFO  3344 -- main o.s.d.r.config.RepositoryConfigurationDelegate--multipleStoresDetected  -Multiple Spring Data modules found, entering strict repository configuration mode!
2022-04-22 20:38:23:373 INFO  3344 -- main o.s.d.r.config.RepositoryConfigurationDelegate--registerRepositoriesIn  -Bootstrapping Spring Data JDBC repositories in DEFAULT mode.
2022-04-22 20:38:23:387 INFO  3344 -- main o.s.d.r.config.RepositoryConfigurationDelegate--registerRepositoriesIn  -Finished Spring Data repository scanning in 8 ms. Found 0 JDBC repository interfaces.
2022-04-22 20:38:23:398 INFO  3344 -- main o.s.d.r.config.RepositoryConfigurationDelegate--multipleStoresDetected  -Multiple Spring Data modules found, entering strict repository configuration mode!
2022-04-22 20:38:23:400 INFO  3344 -- main o.s.d.r.config.RepositoryConfigurationDelegate--registerRepositoriesIn  -Bootstrapping Spring Data Redis repositories in DEFAULT mode.
2022-04-22 20:38:23:412 INFO  3344 -- main o.s.d.r.config.RepositoryConfigurationDelegate--registerRepositoriesIn  -Finished Spring Data repository scanning in 3 ms. Found 0 Redis repository interfaces.
2022-04-22 20:38:23:595 INFO  3344 -- main o.s.i.c.DefaultConfiguringBeanFactoryPostProcessor--info  -No bean named 'errorChannel' has been explicitly defined. Therefore, a default PublishSubscribeChannel will be created.
2022-04-22 20:38:23:616 INFO  3344 -- main o.s.i.c.DefaultConfiguringBeanFactoryPostProcessor--info  -No bean named 'integrationHeaderChannelRegistry' has been explicitly defined. Therefore, a default DefaultHeaderChannelRegistry will be created.
2022-04-22 20:38:23:746 INFO  3344 -- main o.springframework.cloud.context.scope.GenericScope--setSerializationId  -BeanFactory id=b937b0ea-6598-31df-ba76-6beb3fc2b143
2022-04-22 20:38:24:018 INFO  3344 -- main o.s.c.s.PostProcessorRegistrationDelegate$BeanPostProcessorChecker--postProcessAfterInitialization  -Bean 'fileWebConfig' of type [xyz.xcye.file.config.FileWebConfig$$EnhancerBySpringCGLIB$$c2a501c7] is not eligible for getting processed by all BeanPostProcessors (for example: not eligible for auto-proxying)
2022-04-22 20:38:24:035 INFO  3344 -- main o.s.c.s.PostProcessorRegistrationDelegate$BeanPostProcessorChecker--postProcessAfterInitialization  -Bean 'integrationChannelResolver' of type [org.springframework.integration.support.channel.BeanFactoryChannelResolver] is not eligible for getting processed by all BeanPostProcessors (for example: not eligible for auto-proxying)
2022-04-22 20:38:24:064 INFO  3344 -- main o.s.c.s.PostProcessorRegistrationDelegate$BeanPostProcessorChecker--postProcessAfterInitialization  -Bean 'org.springframework.integration.config.IntegrationManagementConfiguration' of type [org.springframework.integration.config.IntegrationManagementConfiguration] is not eligible for getting processed by all BeanPostProcessors (for example: not eligible for auto-proxying)
2022-04-22 20:38:24:072 INFO  3344 -- main o.s.c.s.PostProcessorRegistrationDelegate$BeanPostProcessorChecker--postProcessAfterInitialization  -Bean 'org.springframework.boot.autoconfigure.integration.IntegrationAutoConfiguration$IntegrationJmxConfiguration' of type [org.springframework.boot.autoconfigure.integration.IntegrationAutoConfiguration$IntegrationJmxConfiguration] is not eligible for getting processed by all BeanPostProcessors (for example: not eligible for auto-proxying)
2022-04-22 20:38:24:082 INFO  3344 -- main o.s.c.s.PostProcessorRegistrationDelegate$BeanPostProcessorChecker--postProcessAfterInitialization  -Bean 'org.springframework.boot.autoconfigure.jmx.JmxAutoConfiguration' of type [org.springframework.boot.autoconfigure.jmx.JmxAutoConfiguration] is not eligible for getting processed by all BeanPostProcessors (for example: not eligible for auto-proxying)
2022-04-22 20:38:24:087 INFO  3344 -- main o.s.c.s.PostProcessorRegistrationDelegate$BeanPostProcessorChecker--postProcessAfterInitialization  -Bean 'mbeanServer' of type [com.sun.jmx.mbeanserver.JmxMBeanServer] is not eligible for getting processed by all BeanPostProcessors (for example: not eligible for auto-proxying)
2022-04-22 20:38:24:507 INFO  3344 -- main o.s.boot.web.embedded.tomcat.TomcatWebServer--initialize  -Tomcat initialized with port(s): 6767 (http)
2022-04-22 20:38:24:519 INFO  3344 -- main org.apache.coyote.http11.Http11NioProtocol--log  -Initializing ProtocolHandler ["http-nio-6767"]
2022-04-22 20:38:24:520 INFO  3344 -- main org.apache.catalina.core.StandardService--log  -Starting service [Tomcat]
2022-04-22 20:38:24:520 INFO  3344 -- main org.apache.catalina.core.StandardEngine--log  -Starting Servlet engine: [Apache Tomcat/9.0.58]
2022-04-22 20:38:24:656 INFO  3344 -- main o.a.c.core.ContainerBase.[Tomcat].[localhost].[/]--log  -Initializing Spring embedded WebApplicationContext
2022-04-22 20:38:24:656 INFO  3344 -- main o.s.b.w.s.c.ServletWebServerApplicationContext--prepareWebApplicationContext  -Root WebApplicationContext: initialization completed in 2714 ms
2022-04-22 20:38:25:089 ERROR 3344 -- main xyz.xcye.file.manager.cache.RedisCache--getId  -34
2022-04-22 20:38:25:089 ERROR 3344 -- main xyz.xcye.file.manager.cache.RedisCache--getId  -34
2022-04-22 20:38:26:536 INFO  3344 -- main o.s.b.actuate.endpoint.web.EndpointLinksResolver--<init>  -Exposing 22 endpoint(s) beneath base path '/actuator'
2022-04-22 20:38:27:491 INFO  3344 -- main o.s.c.s.f.FunctionConfiguration$FunctionBindingRegistrar--afterPropertiesSet  -Functional binding is disabled due to the presense of @EnableBinding annotation in your configuration
2022-04-22 20:38:27:808 INFO  3344 -- main com.alibaba.druid.pool.DruidDataSource--init  -{dataSource-1} inited
2022-04-22 20:38:28:214 WARN  3344 -- main o.s.c.l.c.LoadBalancerCacheAutoConfiguration$LoadBalancerCaffeineWarnLogger--logWarning  -Spring Cloud LoadBalancer is currently working with the default cache. While this cache implementation is useful for development and tests, it's recommended to use Caffeine cache in production.You can switch to using Caffeine cache, by adding it and org.springframework.cache.caffeine.CaffeineCacheManager to the classpath.
2022-04-22 20:38:28:546 INFO  3344 -- main o.s.integration.monitor.IntegrationMBeanExporter--registerChannel  -Registering MessageChannel output
2022-04-22 20:38:28:623 INFO  3344 -- main o.s.integration.monitor.IntegrationMBeanExporter--registerChannel  -Registering MessageChannel errorChannel
2022-04-22 20:38:28:647 INFO  3344 -- main o.s.integration.monitor.IntegrationMBeanExporter--registerChannel  -Registering MessageChannel nullChannel
2022-04-22 20:38:28:662 INFO  3344 -- main o.s.integration.monitor.IntegrationMBeanExporter--registerHandler  -Registering MessageHandler _org.springframework.integration.errorLogger
2022-04-22 20:38:28:671 WARN  3344 -- Thread-11 com.alibaba.nacos.common.notify.NotifyCenter--shutdown  -[NotifyCenter] Start destroying Publisher
2022-04-22 20:38:28:672 WARN  3344 -- Thread-11 com.alibaba.nacos.common.notify.NotifyCenter--shutdown  -[NotifyCenter] Destruction of the end
2022-04-22 20:38:28:671 WARN  3344 -- Thread-2 com.alibaba.nacos.common.http.HttpClientBeanHolder--shutdown  -[HttpClientBeanHolder] Start destroying common HttpClient
2022-04-22 20:38:28:673 WARN  3344 -- Thread-2 com.alibaba.nacos.common.http.HttpClientBeanHolder--shutdown  -[HttpClientBeanHolder] Destruction of the end
2022-04-22 20:38:28:720 INFO  3344 -- main o.s.integration.endpoint.EventDrivenConsumer--info  -Adding {logging-channel-adapter:_org.springframework.integration.errorLogger} as a subscriber to the 'errorChannel' channel
2022-04-22 20:38:28:720 INFO  3344 -- main o.s.integration.channel.PublishSubscribeChannel--info  -Channel 'aurora-file.errorChannel' has 1 subscriber(s).
2022-04-22 20:38:28:721 INFO  3344 -- main o.s.integration.endpoint.EventDrivenConsumer--info  -started bean '_org.springframework.integration.errorLogger'
2022-04-22 20:38:28:722 INFO  3344 -- main o.s.cloud.stream.binder.DefaultBinderFactory--getBinderInstance  -Creating binder: defaultRabbit
2022-04-22 20:38:28:921 INFO  3344 -- main o.s.cloud.stream.binder.DefaultBinderFactory--getBinderInstance  -Caching the binder: defaultRabbit
2022-04-22 20:38:28:922 INFO  3344 -- main o.s.cloud.stream.binder.DefaultBinderFactory--getBinderInstance  -Retrieving cached binder: defaultRabbit
2022-04-22 20:38:42:994 INFO  3554 -- background-preinit org.hibernate.validator.internal.util.Version--<clinit>  -HV000001: Hibernate Validator 6.2.2.Final
2022-04-22 20:38:43:065 INFO  3554 -- main xyz.xcye.file.AuroraFileRun--logStarting  -Starting AuroraFileRun using Java 11.0.13 on auroradeMacBook-Pro.local with PID 3554 (/Volumes/Code/Java-code/aurora-theme/aurora-file/target/classes started by aurora in /Volumes/Code/Java-code/aurora-theme)
2022-04-22 20:38:43:086 INFO  3554 -- main xyz.xcye.file.AuroraFileRun--logStartupProfileInfo  -No active profile set, falling back to 1 default profile: "default"
2022-04-22 20:38:46:072 INFO  3554 -- main o.s.d.r.config.RepositoryConfigurationDelegate--multipleStoresDetected  -Multiple Spring Data modules found, entering strict repository configuration mode!
2022-04-22 20:38:46:074 INFO  3554 -- main o.s.d.r.config.RepositoryConfigurationDelegate--registerRepositoriesIn  -Bootstrapping Spring Data JDBC repositories in DEFAULT mode.
2022-04-22 20:38:46:101 INFO  3554 -- main o.s.d.r.config.RepositoryConfigurationDelegate--registerRepositoriesIn  -Finished Spring Data repository scanning in 18 ms. Found 0 JDBC repository interfaces.
2022-04-22 20:38:46:124 INFO  3554 -- main o.s.d.r.config.RepositoryConfigurationDelegate--multipleStoresDetected  -Multiple Spring Data modules found, entering strict repository configuration mode!
2022-04-22 20:38:46:127 INFO  3554 -- main o.s.d.r.config.RepositoryConfigurationDelegate--registerRepositoriesIn  -Bootstrapping Spring Data Redis repositories in DEFAULT mode.
2022-04-22 20:38:46:149 INFO  3554 -- main o.s.d.r.config.RepositoryConfigurationDelegate--registerRepositoriesIn  -Finished Spring Data repository scanning in 4 ms. Found 0 Redis repository interfaces.
2022-04-22 20:38:46:454 INFO  3554 -- main o.s.i.c.DefaultConfiguringBeanFactoryPostProcessor--info  -No bean named 'errorChannel' has been explicitly defined. Therefore, a default PublishSubscribeChannel will be created.
2022-04-22 20:38:46:475 INFO  3554 -- main o.s.i.c.DefaultConfiguringBeanFactoryPostProcessor--info  -No bean named 'integrationHeaderChannelRegistry' has been explicitly defined. Therefore, a default DefaultHeaderChannelRegistry will be created.
2022-04-22 20:38:46:633 INFO  3554 -- main o.springframework.cloud.context.scope.GenericScope--setSerializationId  -BeanFactory id=b937b0ea-6598-31df-ba76-6beb3fc2b143
2022-04-22 20:38:46:935 INFO  3554 -- main o.s.c.s.PostProcessorRegistrationDelegate$BeanPostProcessorChecker--postProcessAfterInitialization  -Bean 'fileWebConfig' of type [xyz.xcye.file.config.FileWebConfig$$EnhancerBySpringCGLIB$$385fa229] is not eligible for getting processed by all BeanPostProcessors (for example: not eligible for auto-proxying)
2022-04-22 20:38:46:953 INFO  3554 -- main o.s.c.s.PostProcessorRegistrationDelegate$BeanPostProcessorChecker--postProcessAfterInitialization  -Bean 'integrationChannelResolver' of type [org.springframework.integration.support.channel.BeanFactoryChannelResolver] is not eligible for getting processed by all BeanPostProcessors (for example: not eligible for auto-proxying)
2022-04-22 20:38:46:983 INFO  3554 -- main o.s.c.s.PostProcessorRegistrationDelegate$BeanPostProcessorChecker--postProcessAfterInitialization  -Bean 'org.springframework.integration.config.IntegrationManagementConfiguration' of type [org.springframework.integration.config.IntegrationManagementConfiguration] is not eligible for getting processed by all BeanPostProcessors (for example: not eligible for auto-proxying)
2022-04-22 20:38:46:992 INFO  3554 -- main o.s.c.s.PostProcessorRegistrationDelegate$BeanPostProcessorChecker--postProcessAfterInitialization  -Bean 'org.springframework.boot.autoconfigure.integration.IntegrationAutoConfiguration$IntegrationJmxConfiguration' of type [org.springframework.boot.autoconfigure.integration.IntegrationAutoConfiguration$IntegrationJmxConfiguration] is not eligible for getting processed by all BeanPostProcessors (for example: not eligible for auto-proxying)
2022-04-22 20:38:47:001 INFO  3554 -- main o.s.c.s.PostProcessorRegistrationDelegate$BeanPostProcessorChecker--postProcessAfterInitialization  -Bean 'org.springframework.boot.autoconfigure.jmx.JmxAutoConfiguration' of type [org.springframework.boot.autoconfigure.jmx.JmxAutoConfiguration] is not eligible for getting processed by all BeanPostProcessors (for example: not eligible for auto-proxying)
2022-04-22 20:38:47:007 INFO  3554 -- main o.s.c.s.PostProcessorRegistrationDelegate$BeanPostProcessorChecker--postProcessAfterInitialization  -Bean 'mbeanServer' of type [com.sun.jmx.mbeanserver.JmxMBeanServer] is not eligible for getting processed by all BeanPostProcessors (for example: not eligible for auto-proxying)
2022-04-22 20:38:47:469 INFO  3554 -- main o.s.boot.web.embedded.tomcat.TomcatWebServer--initialize  -Tomcat initialized with port(s): 6767 (http)
2022-04-22 20:38:47:481 INFO  3554 -- main org.apache.coyote.http11.Http11NioProtocol--log  -Initializing ProtocolHandler ["http-nio-6767"]
2022-04-22 20:38:47:481 INFO  3554 -- main org.apache.catalina.core.StandardService--log  -Starting service [Tomcat]
2022-04-22 20:38:47:482 INFO  3554 -- main org.apache.catalina.core.StandardEngine--log  -Starting Servlet engine: [Apache Tomcat/9.0.58]
2022-04-22 20:38:47:632 INFO  3554 -- main o.a.c.core.ContainerBase.[Tomcat].[localhost].[/]--log  -Initializing Spring embedded WebApplicationContext
2022-04-22 20:38:47:633 INFO  3554 -- main o.s.b.w.s.c.ServletWebServerApplicationContext--prepareWebApplicationContext  -Root WebApplicationContext: initialization completed in 4406 ms
2022-04-22 20:38:48:093 ERROR 3554 -- main xyz.xcye.file.manager.cache.RedisCache--getId  -34
2022-04-22 20:38:48:093 ERROR 3554 -- main xyz.xcye.file.manager.cache.RedisCache--getId  -34
2022-04-22 20:38:49:608 INFO  3554 -- main o.s.b.actuate.endpoint.web.EndpointLinksResolver--<init>  -Exposing 22 endpoint(s) beneath base path '/actuator'
2022-04-22 20:38:50:278 INFO  3554 -- main o.s.c.s.f.FunctionConfiguration$FunctionBindingRegistrar--afterPropertiesSet  -Functional binding is disabled due to the presense of @EnableBinding annotation in your configuration
2022-04-22 20:38:50:579 INFO  3554 -- main com.alibaba.druid.pool.DruidDataSource--init  -{dataSource-1} inited
2022-04-22 20:38:50:924 WARN  3554 -- main o.s.c.l.c.LoadBalancerCacheAutoConfiguration$LoadBalancerCaffeineWarnLogger--logWarning  -Spring Cloud LoadBalancer is currently working with the default cache. While this cache implementation is useful for development and tests, it's recommended to use Caffeine cache in production.You can switch to using Caffeine cache, by adding it and org.springframework.cache.caffeine.CaffeineCacheManager to the classpath.
2022-04-22 20:38:51:227 INFO  3554 -- main o.s.integration.monitor.IntegrationMBeanExporter--registerChannel  -Registering MessageChannel output
2022-04-22 20:38:51:288 INFO  3554 -- main o.s.integration.monitor.IntegrationMBeanExporter--registerChannel  -Registering MessageChannel errorChannel
2022-04-22 20:38:51:308 INFO  3554 -- main o.s.integration.monitor.IntegrationMBeanExporter--registerChannel  -Registering MessageChannel nullChannel
2022-04-22 20:38:51:321 INFO  3554 -- main o.s.integration.monitor.IntegrationMBeanExporter--registerHandler  -Registering MessageHandler _org.springframework.integration.errorLogger
2022-04-22 20:38:51:365 INFO  3554 -- main o.s.integration.endpoint.EventDrivenConsumer--info  -Adding {logging-channel-adapter:_org.springframework.integration.errorLogger} as a subscriber to the 'errorChannel' channel
2022-04-22 20:38:51:365 INFO  3554 -- main o.s.integration.channel.PublishSubscribeChannel--info  -Channel 'aurora-file.errorChannel' has 1 subscriber(s).
2022-04-22 20:38:51:365 INFO  3554 -- main o.s.integration.endpoint.EventDrivenConsumer--info  -started bean '_org.springframework.integration.errorLogger'
2022-04-22 20:38:51:367 INFO  3554 -- main o.s.cloud.stream.binder.DefaultBinderFactory--getBinderInstance  -Creating binder: defaultRabbit
2022-04-22 20:38:51:464 INFO  3554 -- main o.s.cloud.stream.binder.DefaultBinderFactory--getBinderInstance  -Caching the binder: defaultRabbit
2022-04-22 20:38:51:464 INFO  3554 -- main o.s.cloud.stream.binder.DefaultBinderFactory--getBinderInstance  -Retrieving cached binder: defaultRabbit
2022-04-22 20:38:51:609 INFO  3554 -- main o.s.a.rabbit.connection.CachingConnectionFactory--connectAddresses  -Attempting to connect to: [127.0.0.1:5672]
2022-04-22 20:38:51:644 INFO  3554 -- main o.s.a.rabbit.connection.CachingConnectionFactory--createBareConnection  -Created new connection: rabbitConnectionFactory#2f46bc25:0/SimpleConnection@42365c82 [delegate=amqp://admin@127.0.0.1:5672/, localPort= 54547]
2022-04-22 20:38:51:681 INFO  3554 -- main o.s.c.stream.messaging.DirectWithAttributesChannel--info  -Channel 'aurora-file.output' has 1 subscriber(s).
2022-04-22 20:38:56:775 INFO  3554 -- main org.apache.coyote.http11.Http11NioProtocol--log  -Starting ProtocolHandler ["http-nio-6767"]
2022-04-22 20:38:56:796 INFO  3554 -- main o.s.boot.web.embedded.tomcat.TomcatWebServer--start  -Tomcat started on port(s): 6767 (http) with context path ''
2022-04-22 20:38:56:809 INFO  3554 -- main c.a.cloud.nacos.registry.NacosServiceRegistry--register  -nacos registry, DEFAULT_GROUP aurora-file 100.64.83.44:6767 register finished
2022-04-22 20:38:57:122 INFO  3554 -- main xyz.xcye.file.AuroraFileRun--logStarted  -Started AuroraFileRun in 15.556 seconds (JVM running for 22.589)
2022-04-22 20:38:57:545 INFO  3554 -- RMI TCP Connection(4)-100.64.83.44 o.a.c.core.ContainerBase.[Tomcat].[localhost].[/]--log  -Initializing Spring DispatcherServlet 'dispatcherServlet'
2022-04-22 20:38:57:545 INFO  3554 -- RMI TCP Connection(4)-100.64.83.44 org.springframework.web.servlet.DispatcherServlet--initServletBean  -Initializing Servlet 'dispatcherServlet'
2022-04-22 20:38:57:547 INFO  3554 -- RMI TCP Connection(5)-100.64.83.44 o.s.a.rabbit.connection.CachingConnectionFactory--connectAddresses  -Attempting to connect to: [localhost:5672]
2022-04-22 20:38:57:549 INFO  3554 -- RMI TCP Connection(4)-100.64.83.44 org.springframework.web.servlet.DispatcherServlet--initServletBean  -Completed initialization in 3 ms
2022-04-22 20:38:57:553 INFO  3554 -- RMI TCP Connection(5)-100.64.83.44 o.s.a.rabbit.connection.CachingConnectionFactory--createBareConnection  -Created new connection: rabbitConnectionFactory#7cadf3ca:0/SimpleConnection@79c47852 [delegate=amqp://guest@127.0.0.1:5672/, localPort= 54554]
2022-04-22 20:40:39:569 WARN  3554 -- Thread-11 com.alibaba.nacos.common.notify.NotifyCenter--shutdown  -[NotifyCenter] Start destroying Publisher
2022-04-22 20:40:39:569 WARN  3554 -- Thread-2 com.alibaba.nacos.common.http.HttpClientBeanHolder--shutdown  -[HttpClientBeanHolder] Start destroying common HttpClient
2022-04-22 20:40:39:569 WARN  3554 -- Thread-11 com.alibaba.nacos.common.notify.NotifyCenter--shutdown  -[NotifyCenter] Destruction of the end
2022-04-22 20:40:39:570 WARN  3554 -- Thread-2 com.alibaba.nacos.common.http.HttpClientBeanHolder--shutdown  -[HttpClientBeanHolder] Destruction of the end
2022-04-22 20:40:39:599 INFO  3554 -- SpringApplicationShutdownHook o.s.integration.endpoint.EventDrivenConsumer--info  -Removing {logging-channel-adapter:_org.springframework.integration.errorLogger} as a subscriber to the 'errorChannel' channel
2022-04-22 20:40:39:599 INFO  3554 -- SpringApplicationShutdownHook o.s.integration.channel.PublishSubscribeChannel--info  -Channel 'aurora-file.errorChannel' has 0 subscriber(s).
2022-04-22 20:40:39:600 INFO  3554 -- SpringApplicationShutdownHook o.s.integration.endpoint.EventDrivenConsumer--info  -stopped bean '_org.springframework.integration.errorLogger'
2022-04-22 20:40:39:612 INFO  3554 -- SpringApplicationShutdownHook c.a.cloud.nacos.registry.NacosServiceRegistry--deregister  -De-registering from Nacos Server now...
2022-04-22 20:40:39:615 INFO  3554 -- SpringApplicationShutdownHook c.a.cloud.nacos.registry.NacosServiceRegistry--deregister  -De-registration finished.
