2022-04-01 13:24:52:263 INFO  35122 -- http-nio-6767-exec-2 LogAop--noteLog  -访问xyz.xcye.controller.QueryFileController类中的方法，参数为[{"deleteStatus":false,"size":0,"storageMode":0},{"orderBy":"","pageNum":1,"pageSize":10}],总共花费14ms
2022-04-01 13:24:54:068 INFO  35122 -- http-nio-6767-exec-1 LogAop--noteLog  -访问xyz.xcye.controller.QueryFileController类中的方法，参数为[{"deleteStatus":false,"size":0,"storageMode":0},{"orderBy":"","pageNum":1,"pageSize":10}],总共花费9ms
2022-04-01 13:24:54:269 INFO  35122 -- http-nio-6767-exec-3 LogAop--noteLog  -访问xyz.xcye.controller.QueryFileController类中的方法，参数为[{"deleteStatus":false,"size":0,"storageMode":0},{"orderBy":"","pageNum":1,"pageSize":10}],总共花费10ms
2022-04-01 13:24:54:444 INFO  35122 -- http-nio-6767-exec-5 LogAop--noteLog  -访问xyz.xcye.controller.QueryFileController类中的方法，参数为[{"deleteStatus":false,"size":0,"storageMode":0},{"orderBy":"","pageNum":1,"pageSize":10}],总共花费9ms
2022-04-01 13:24:54:629 INFO  35122 -- http-nio-6767-exec-4 LogAop--noteLog  -访问xyz.xcye.controller.QueryFileController类中的方法，参数为[{"deleteStatus":false,"size":0,"storageMode":0},{"orderBy":"","pageNum":1,"pageSize":10}],总共花费10ms
2022-04-01 13:24:54:803 INFO  35122 -- http-nio-6767-exec-6 LogAop--noteLog  -访问xyz.xcye.controller.QueryFileController类中的方法，参数为[{"deleteStatus":false,"size":0,"storageMode":0},{"orderBy":"","pageNum":1,"pageSize":10}],总共花费7ms
2022-04-01 13:24:54:975 INFO  35122 -- http-nio-6767-exec-7 LogAop--noteLog  -访问xyz.xcye.controller.QueryFileController类中的方法，参数为[{"deleteStatus":false,"size":0,"storageMode":0},{"orderBy":"","pageNum":1,"pageSize":10}],总共花费8ms
2022-04-01 13:28:18:816 INFO  35122 -- http-nio-6767-exec-10 LogAop--noteLog  -访问xyz.xcye.controller.QueryFileController类中的方法，参数为[{"deleteStatus":false,"size":0,"storageMode":0},{"orderBy":"","pageNum":1,"pageSize":10}],总共花费112409ms
2022-04-01 13:50:47:615 INFO  49350 -- http-nio-6767-exec-1 LogAop--noteLog  -访问xyz.xcye.controller.QueryFileController类中的方法，参数为[{"deleteStatus":false,"size":0,"storageMode":0},{"orderBy":"","pageNum":1,"pageSize":10}],总共花费180ms
2022-04-01 13:57:25:539 INFO  52293 -- http-nio-6767-exec-1 LogAop--noteLog  -访问xyz.xcye.controller.QueryFileController类中的方法，参数为[{"deleteStatus":false,"size":0,"storageMode":0},{"orderBy":"","pageNum":1,"pageSize":10}],总共花费205ms
2022-04-01 13:57:40:087 INFO  52293 -- http-nio-6767-exec-2 LogAop--noteLog  -访问xyz.xcye.controller.QueryFileController类中的方法，参数为[{"deleteStatus":false,"size":0,"storageMode":0},{"orderBy":"","pageNum":1,"pageSize":10}],总共花费6ms
2022-04-01 13:57:40:533 INFO  52293 -- http-nio-6767-exec-3 LogAop--noteLog  -访问xyz.xcye.controller.QueryFileController类中的方法，参数为[{"deleteStatus":false,"size":0,"storageMode":0},{"orderBy":"","pageNum":1,"pageSize":10}],总共花费3ms
2022-04-01 13:57:40:691 INFO  52293 -- http-nio-6767-exec-4 LogAop--noteLog  -访问xyz.xcye.controller.QueryFileController类中的方法，参数为[{"deleteStatus":false,"size":0,"storageMode":0},{"orderBy":"","pageNum":1,"pageSize":10}],总共花费2ms
2022-04-01 13:57:40:928 INFO  52293 -- http-nio-6767-exec-5 LogAop--noteLog  -访问xyz.xcye.controller.QueryFileController类中的方法，参数为[{"deleteStatus":false,"size":0,"storageMode":0},{"orderBy":"","pageNum":1,"pageSize":10}],总共花费3ms
2022-04-01 13:57:41:132 INFO  52293 -- http-nio-6767-exec-6 LogAop--noteLog  -访问xyz.xcye.controller.QueryFileController类中的方法，参数为[{"deleteStatus":false,"size":0,"storageMode":0},{"orderBy":"","pageNum":1,"pageSize":10}],总共花费3ms
2022-04-01 13:57:41:304 INFO  52293 -- http-nio-6767-exec-7 LogAop--noteLog  -访问xyz.xcye.controller.QueryFileController类中的方法，参数为[{"deleteStatus":false,"size":0,"storageMode":0},{"orderBy":"","pageNum":1,"pageSize":10}],总共花费3ms
2022-04-01 13:57:41:494 INFO  52293 -- http-nio-6767-exec-8 LogAop--noteLog  -访问xyz.xcye.controller.QueryFileController类中的方法，参数为[{"deleteStatus":false,"size":0,"storageMode":0},{"orderBy":"","pageNum":1,"pageSize":10}],总共花费3ms
2022-04-01 13:57:41:688 INFO  52293 -- http-nio-6767-exec-9 LogAop--noteLog  -访问xyz.xcye.controller.QueryFileController类中的方法，参数为[{"deleteStatus":false,"size":0,"storageMode":0},{"orderBy":"","pageNum":1,"pageSize":10}],总共花费3ms
2022-04-01 13:57:41:894 INFO  52293 -- http-nio-6767-exec-10 LogAop--noteLog  -访问xyz.xcye.controller.QueryFileController类中的方法，参数为[{"deleteStatus":false,"size":0,"storageMode":0},{"orderBy":"","pageNum":1,"pageSize":10}],总共花费3ms
2022-04-01 13:57:42:064 INFO  52293 -- http-nio-6767-exec-1 LogAop--noteLog  -访问xyz.xcye.controller.QueryFileController类中的方法，参数为[{"deleteStatus":false,"size":0,"storageMode":0},{"orderBy":"","pageNum":1,"pageSize":10}],总共花费2ms
2022-04-01 13:58:31:901 INFO  52293 -- http-nio-6767-exec-3 LogAop--noteLog  -访问xyz.xcye.controller.QueryFileController类中的方法，参数为[{"deleteStatus":false,"size":0,"storageMode":0},{"orderBy":"uid","pageNum":2,"pageSize":4}],总共花费26ms
2022-04-01 13:58:44:920 INFO  52293 -- http-nio-6767-exec-4 LogAop--noteLog  -访问xyz.xcye.controller.QueryFileController类中的方法，参数为[{"deleteStatus":false,"size":0,"storageMode":0},{"orderBy":"created_at","pageNum":2,"pageSize":4}],总共花费11ms
2022-04-01 13:59:23:565 INFO  52293 -- http-nio-6767-exec-5 LogAop--noteLog  -访问xyz.xcye.controller.QueryFileController类中的方法，参数为[{"deleteStatus":false,"size":0,"storageMode":0,"uid":1509536082078253056},{"orderBy":"","pageNum":1,"pageSize":10}],总共花费7ms
2022-04-01 13:59:48:872 INFO  52293 -- http-nio-6767-exec-7 LogAop--noteLog  -访问xyz.xcye.controller.QueryFileController类中的方法，参数为[{"deleteStatus":true,"size":0,"storageMode":0,"uid":1509536082078253056},{"orderBy":"","pageNum":1,"pageSize":10}],总共花费18ms
