2022-04-27 00:05:30:777 49620 --- [http-nio-8088-exec-2] : 请求/admin/verifyAccount/login(GET) 被emailVerifyAccountLogin()方法处理，最终耗时11017 (ms)
2022-04-27 00:07:21:380 49620 --- [http-nio-8088-exec-8] : 请求/admin/verifyAccount/login(GET) 被emailVerifyAccountLogin()方法处理，最终耗时53 (ms)
2022-04-27 00:07:36:368 49620 --- [http-nio-8088-exec-9] : 请求/admin/verifyAccount/login(GET) 被emailVerifyAccountLogin()方法处理，最终耗时43 (ms)
2022-04-27 00:08:19:365 49620 --- [http-nio-8088-exec-10] : 请求/admin/verifyAccount/login(GET) 被emailVerifyAccountLogin()方法处理，最终耗时0 (ms)
2022-04-27 00:09:04:459 49620 --- [http-nio-8088-exec-2] : 请求/admin/verifyAccount/login(GET) 被emailVerifyAccountLogin()方法处理，最终耗时0 (ms)
2022-04-27 00:10:29:803 49620 --- [http-nio-8088-exec-6] : 请求/admin/verifyAccount/(POST) 被emailVerifyAccount(String,String,RequestFacade)方法处理，最终耗时1791 (ms)
2022-04-27 00:10:29:935 49620 --- [http-nio-8088-exec-3] : 请求/admin/verifyAccount/(POST) 被emailVerifyAccount(String,String,RequestFacade)方法处理，最终耗时78518 (ms)
2022-04-27 00:10:49:569 49620 --- [http-nio-8088-exec-5] : 请求/admin/verifyAccount/(POST) 被emailVerifyAccount(String,String,RequestFacade)方法处理，最终耗时52320 (ms)
2022-04-27 00:12:00:965 49620 --- [http-nio-8088-exec-10] : 请求/admin/user(POST) 被insertUser(UserDO,UserAccountDO)方法处理，最终耗时1436 (ms)
2022-04-27 00:17:09:938 59764 --- [http-nio-8088-exec-1] : 请求/admin/user/1518950793165193216(GET) 被queryUserByUid(Long)方法处理，最终耗时795 (ms)
2022-04-27 00:17:44:776 59764 --- [http-nio-8088-exec-3] : 请求/admin/user/1518950793165193216(GET) 被queryUserByUid(Long)方法处理，最终耗时18 (ms)
2022-04-27 00:18:42:725 59764 --- [http-nio-8088-exec-4] : 请求/admin/user/1518986260233371648(GET) 被queryUserByUid(Long)方法处理，最终耗时28 (ms)
2022-04-27 00:19:30:062 59764 --- [http-nio-8088-exec-8] : 请求/admin/user/bindingEmail/1518987947643813888(PUT) 被bindingEmail(Long)方法处理，最终耗时934 (ms)
2022-04-27 00:20:03:193 59764 --- [http-nio-8088-exec-10] : 请求/admin/verifyAccount/login(GET) 被emailVerifyAccountLogin()方法处理，最终耗时15 (ms)
2022-04-27 00:20:37:349 59764 --- [http-nio-8088-exec-1] : 请求/admin/verifyAccount/(POST) 被emailVerifyAccount(String,String,RequestFacade)方法处理，最终耗时11558 (ms)
2022-04-27 00:21:17:210 59764 --- [http-nio-8088-exec-3] : 请求/admin/verifyAccount/(POST) 被emailVerifyAccount(String,String,RequestFacade)方法处理，最终耗时22482 (ms)
2022-04-27 00:22:13:422 59764 --- [http-nio-8088-exec-5] : 请求/admin/verifyAccount/(POST) 被emailVerifyAccount(String,String,RequestFacade)方法处理，最终耗时6847 (ms)
2022-04-27 00:22:51:342 59764 --- [http-nio-8088-exec-6] : 请求/admin/verifyAccount/(POST) 被emailVerifyAccount(String,String,RequestFacade)方法处理，最终耗时4555 (ms)
2022-04-27 00:24:50:739 59764 --- [http-nio-8088-exec-10] : 请求/admin/verifyAccount/(POST) 被emailVerifyAccount(String,String,RequestFacade)方法处理，最终耗时975 (ms)
2022-04-27 00:27:09:583 59764 --- [http-nio-8088-exec-8] : 请求/admin/verifyAccount/(POST) 被emailVerifyAccount(String,String,RequestFacade)方法处理，最终耗时204601 (ms)
2022-04-27 08:54:55:102 34634 --- [http-nio-8088-exec-2] : 请求/admin/verifyAccount(GET) 被emailVerifyAccount(Long,String,RequestFacade)方法处理，最终耗时529 (ms)
2022-04-27 08:56:19:588 36069 --- [http-nio-8088-exec-2] : 请求/admin/verifyAccount(GET) 被emailVerifyAccount(Long,String,RequestFacade)方法处理，最终耗时13503 (ms)
2022-04-27 08:58:21:880 36069 --- [http-nio-8088-exec-5] : 请求/admin/verifyAccount(GET) 被emailVerifyAccount(Long,String,RequestFacade)方法处理，最终耗时15568 (ms)
2022-04-27 08:58:54:482 36069 --- [http-nio-8088-exec-6] : 请求/admin/user(POST) 被insertUser(UserDO,UserAccountDO)方法处理，最终耗时775 (ms)
2022-04-27 09:03:15:610 39836 --- [http-nio-8088-exec-2] : 请求/admin/user/bindingEmail/1518987947643813888(PUT) 被bindingEmail(Long)方法处理，最终耗时5052 (ms)
2022-04-27 09:04:04:094 39836 --- [http-nio-8088-exec-3] : 请求/admin/user/bindingEmail/1518987947643813888(PUT) 被bindingEmail(Long)方法处理，最终耗时710 (ms)
2022-04-27 09:04:47:541 39836 --- [http-nio-8088-exec-4] : 请求/admin/user/bindingEmail/1518987947643813888(PUT) 被bindingEmail(Long)方法处理，最终耗时646 (ms)
2022-04-27 09:11:43:778 39836 --- [http-nio-8088-exec-6] : 请求/admin/user/bindingEmail/1518987947643813888(PUT) 被bindingEmail(Long)方法处理，最终耗时27538 (ms)
2022-04-27 09:12:19:340 39836 --- [http-nio-8088-exec-8] : 请求/admin/user/bindingEmail/1518987947643813888(PUT) 被bindingEmail(Long)方法处理，最终耗时6147 (ms)
2022-04-27 09:12:56:619 39836 --- [http-nio-8088-exec-9] : 请求/admin/user/bindingEmail/1518987947643813888(PUT) 被bindingEmail(Long)方法处理，最终耗时6958 (ms)
2022-04-27 09:13:33:638 39836 --- [http-nio-8088-exec-10] : 请求/admin/user/bindingEmail/1518987947643813888(PUT) 被bindingEmail(Long)方法处理，最终耗时28145 (ms)
2022-04-27 09:13:59:835 39836 --- [http-nio-8088-exec-1] : 请求/admin/user/bindingEmail/1518987947643813888(PUT) 被bindingEmail(Long)方法处理，最终耗时13975 (ms)
2022-04-27 09:14:09:056 39836 --- [http-nio-8088-exec-2] : 请求/admin/user/bindingEmail/1518987947643813888(PUT) 被bindingEmail(Long)方法处理，最终耗时627 (ms)
2022-04-27 09:32:34:530 56999 --- [http-nio-8088-exec-8] : 请求/admin/user/bindingEmail/1518987947643813888(PUT) 被bindingEmail(Long)方法处理，最终耗时8380 (ms)
2022-04-27 09:52:52:098 69113 --- [http-nio-8088-exec-2] : 请求/admin/user/bindingEmail/1518987947643813888(PUT) 被bindingEmail(Long)方法处理，最终耗时4765 (ms)
2022-04-27 09:53:14:660 69113 --- [http-nio-8088-exec-3] : 请求/admin/verifyAccount(GET) 被emailVerifyAccount(Long,String,RequestFacade)方法处理，最终耗时420 (ms)
