2022-04-27 00:09:26:147 49620 --- [http-nio-8088-exec-3] : 修改=== 待修改的uid:0  待更新的数据:aurora,123456
2022-04-27 00:09:28:622 49620 --- [http-nio-8088-exec-3] : 查询条件=== aurora
2022-04-27 00:10:01:980 49620 --- [http-nio-8088-exec-5] : 修改=== 待修改的uid:0  待更新的数据:aurora,123456
2022-04-27 00:10:07:088 49620 --- [http-nio-8088-exec-5] : 查询条件=== aurora
2022-04-27 00:10:28:012 49620 --- [http-nio-8088-exec-6] : 修改=== 待修改的uid:0  待更新的数据:aurora,123456
2022-04-27 00:10:28:014 49620 --- [http-nio-8088-exec-6] : 查询条件=== aurora
2022-04-27 00:10:29:802 49620 --- [http-nio-8088-exec-6] : 修改成功=== 被修改的uid:0  影响行数:0  更新的数据:false
2022-04-27 00:10:29:890 49620 --- [http-nio-8088-exec-3] : 修改成功=== 被修改的uid:0  影响行数:0  更新的数据:false
2022-04-27 00:10:49:568 49620 --- [http-nio-8088-exec-5] : 修改成功=== 被修改的uid:0  影响行数:0  更新的数据:false
2022-04-27 00:11:59:624 49620 --- [http-nio-8088-exec-10] : 插入=== 待插入的数据:UserDO(uid=null, userSummary=null, nickname=null, gender=null, siteUid=null, avatar=null, password=123456, username=aurora, profession=null, verifyEmail=null, emailUid=null, loginUid=null, createTime=null, updateTime=null, userAccountUid=null),UserAccountDO(uid=null, role=ROLE_role, permission=null, accountLocked=null, accountExpired=null, userUid=null, createTime=null, updateTime=null)
2022-04-27 00:12:00:536 49620 --- [http-nio-8088-exec-10] : 查询条件=== ConditionDTO(startTime=null, endTime=null, uid=null, otherUid=null, show=true, status=true, keyword=ROLE_role, pageNum=0, pageSize=10, orderBy=null)
2022-04-27 00:12:00:857 49620 --- [http-nio-8088-exec-10] : 插入=== 待插入的数据:RoleDO(uid=null, role=ROLE_role, createTime=null, updateTime=null)
2022-04-27 00:12:00:878 49620 --- [http-nio-8088-exec-10] : 插入成功=== 生成的uid:345634522  影响行数:1  插入的数据:RoleDO(uid=null, role=ROLE_role, createTime=null, updateTime=null)
2022-04-27 00:12:00:883 49620 --- [http-nio-8088-exec-10] : 插入=== 待插入的数据:UserAccountDO(uid=1518986260233371649, role=ROLE_role, permission=null, accountLocked=false, accountExpired=false, userUid=1518986260233371648, createTime=2022-04-27 00:12:00, updateTime=null)
2022-04-27 00:12:00:939 49620 --- [http-nio-8088-exec-10] : 插入成功=== 生成的uid:1518986262070476800  影响行数:1  插入的数据:UserAccountDO(uid=1518986260233371649, role=ROLE_role, permission=null, accountLocked=false, accountExpired=false, userUid=1518986260233371648, createTime=2022-04-27 00:12:00, updateTime=null)
2022-04-27 00:12:00:957 49620 --- [http-nio-8088-exec-10] : 插入成功=== 生成的uid:1518986260233371648  影响行数:1  插入的数据:UserDO(uid=1518986260233371648, userSummary=null, nickname=aurora, gender=男, siteUid=null, avatar=https://aurora.xcye.xyz/avatar.jpg, password=$2a$10$X0ppUEqI5g2L4nQM.iJFeO31smaQlBwivqs3t2Nq7pAlYpIx8UMSa, username=aurora, profession=null, verifyEmail=false, emailUid=null, loginUid=null, createTime=2022-04-27 00:11:59, updateTime=null, userAccountUid=null),UserAccountDO(uid=1518986260233371649, role=ROLE_role, permission=null, accountLocked=false, accountExpired=false, userUid=1518986260233371648, createTime=2022-04-27 00:12:00, updateTime=null)
2022-04-27 00:17:09:194 59764 --- [http-nio-8088-exec-1] : 查询条件=== 1518950793165193216
2022-04-27 00:17:44:759 59764 --- [http-nio-8088-exec-3] : 查询条件=== 1518950793165193216
2022-04-27 00:18:42:697 59764 --- [http-nio-8088-exec-4] : 查询条件=== 1518986260233371648
2022-04-27 00:20:25:798 59764 --- [http-nio-8088-exec-1] : 修改=== 待修改的uid:0  待更新的数据:aurora,123456
2022-04-27 00:20:25:799 59764 --- [http-nio-8088-exec-1] : 查询条件=== aurora
2022-04-27 00:20:37:347 59764 --- [http-nio-8088-exec-1] : 修改成功=== 被修改的uid:0  影响行数:0  更新的数据:false
2022-04-27 00:20:54:728 59764 --- [http-nio-8088-exec-3] : 修改=== 待修改的uid:0  待更新的数据:aurora,123456
2022-04-27 00:20:54:729 59764 --- [http-nio-8088-exec-3] : 查询条件=== aurora
2022-04-27 00:21:17:209 59764 --- [http-nio-8088-exec-3] : 修改成功=== 被修改的uid:0  影响行数:0  更新的数据:false
2022-04-27 00:22:06:577 59764 --- [http-nio-8088-exec-5] : 修改=== 待修改的uid:0  待更新的数据:aurora,123456
2022-04-27 00:22:06:688 59764 --- [http-nio-8088-exec-5] : 查询条件=== aurora
2022-04-27 00:22:13:421 59764 --- [http-nio-8088-exec-5] : 修改成功=== 被修改的uid:0  影响行数:0  更新的数据:false
2022-04-27 00:22:46:788 59764 --- [http-nio-8088-exec-6] : 修改=== 待修改的uid:0  待更新的数据:aurora,123456
2022-04-27 00:22:46:828 59764 --- [http-nio-8088-exec-6] : 查询条件=== aurora
2022-04-27 00:22:51:340 59764 --- [http-nio-8088-exec-6] : 修改成功=== 被修改的uid:0  影响行数:0  更新的数据:false
2022-04-27 00:23:44:983 59764 --- [http-nio-8088-exec-8] : 修改=== 待修改的uid:0  待更新的数据:aurora,123456
2022-04-27 00:23:45:051 59764 --- [http-nio-8088-exec-8] : 查询条件=== aurora
2022-04-27 00:24:49:765 59764 --- [http-nio-8088-exec-10] : 修改=== 待修改的uid:0  待更新的数据:aurora,123456
2022-04-27 00:24:49:766 59764 --- [http-nio-8088-exec-10] : 查询条件=== aurora
2022-04-27 00:24:50:710 59764 --- [http-nio-8088-exec-10] : 修改=== 待修改的uid:0  待更新的数据:UserDO(uid=1518986260233371648, userSummary=null, nickname=null, gender=null, siteUid=null, avatar=null, password=null, username=null, profession=null, verifyEmail=true, emailUid=null, loginUid=null, createTime=null, updateTime=null, userAccountUid=null)
2022-04-27 00:24:50:720 59764 --- [http-nio-8088-exec-10] : 修改成功=== 被修改的uid:1518986260233371648  影响行数:1  更新的数据:UserDO(uid=1518986260233371648, userSummary=null, nickname=null, gender=null, siteUid=null, avatar=null, password=null, username=null, profession=null, verifyEmail=true, emailUid=null, loginUid=null, createTime=null, updateTime=2022-04-27 00:24:50, userAccountUid=null)
2022-04-27 00:24:50:738 59764 --- [http-nio-8088-exec-10] : 修改成功=== 被修改的uid:0  影响行数:0  更新的数据:true
2022-04-27 00:27:09:582 59764 --- [http-nio-8088-exec-8] : 修改成功=== 被修改的uid:0  影响行数:0  更新的数据:false
2022-04-27 08:54:54:620 34634 --- [http-nio-8088-exec-2] : 修改=== 待修改的uid:0  待更新的数据:1518986260233371648,asdfasdfk
2022-04-27 08:54:54:640 34634 --- [http-nio-8088-exec-2] : 查询条件=== 1518986260233371648
2022-04-27 08:54:55:101 34634 --- [http-nio-8088-exec-2] : 修改成功=== 被修改的uid:0  影响行数:0  更新的数据:false
2022-04-27 08:56:06:139 36069 --- [http-nio-8088-exec-2] : 修改=== 待修改的uid:0  待更新的数据:1518986260233371648,asdfasdfk
2022-04-27 08:56:06:170 36069 --- [http-nio-8088-exec-2] : 查询条件=== 1518986260233371648
2022-04-27 08:56:19:585 36069 --- [http-nio-8088-exec-2] : 修改成功=== 被修改的uid:0  影响行数:0  更新的数据:false
2022-04-27 08:58:06:312 36069 --- [http-nio-8088-exec-5] : 修改=== 待修改的uid:0  待更新的数据:1518986260233371648,$2a$10$Cf5n3awefSzMaONYh6nee.sEgbi/K8C3Peu0ZixKCBGjsO/B3BXKW
2022-04-27 08:58:06:315 36069 --- [http-nio-8088-exec-5] : 查询条件=== 1518986260233371648
2022-04-27 08:58:21:878 36069 --- [http-nio-8088-exec-5] : 修改成功=== 被修改的uid:0  影响行数:0  更新的数据:true
2022-04-27 08:58:53:778 36069 --- [http-nio-8088-exec-6] : 插入=== 待插入的数据:UserDO(uid=null, userSummary=null, nickname=null, gender=null, siteUid=null, avatar=null, password=123456, username=aurora, profession=null, verifyEmail=null, emailUid=null, loginUid=null, createTime=null, updateTime=null, userAccountUid=null),UserAccountDO(uid=null, role=ROLE_role, permission=null, accountLocked=null, accountExpired=null, userUid=null, createTime=null, updateTime=null)
2022-04-27 08:58:54:169 36069 --- [http-nio-8088-exec-6] : 查询条件=== ConditionDTO(startTime=null, endTime=null, uid=null, otherUid=null, show=true, status=true, keyword=ROLE_role, pageNum=0, pageSize=10, orderBy=null)
2022-04-27 08:58:54:421 36069 --- [http-nio-8088-exec-6] : 插入=== 待插入的数据:UserAccountDO(uid=1519118857382969344, role=ROLE_role, permission=null, accountLocked=false, accountExpired=false, userUid=1519118857378775040, createTime=2022-04-27 08:58:54, updateTime=null)
2022-04-27 08:58:54:455 36069 --- [http-nio-8088-exec-6] : 插入成功=== 生成的uid:1519118858725146624  影响行数:1  插入的数据:UserAccountDO(uid=1519118857382969344, role=ROLE_role, permission=null, accountLocked=false, accountExpired=false, userUid=1519118857378775040, createTime=2022-04-27 08:58:54, updateTime=null)
2022-04-27 08:58:54:473 36069 --- [http-nio-8088-exec-6] : 插入成功=== 生成的uid:1519118857378775040  影响行数:1  插入的数据:UserDO(uid=1519118857378775040, userSummary=null, nickname=aurora, gender=男, siteUid=null, avatar=https://aurora.xcye.xyz/avatar.jpg, password=$2a$10$2/VDa6s6XjoWdr9UiFtxlup6.gqbqLkfWst5QzywdUohslKA1aMrK, username=aurora, profession=null, verifyEmail=false, emailUid=null, loginUid=null, createTime=2022-04-27 08:58:53, updateTime=null, userAccountUid=null),UserAccountDO(uid=1519118857382969344, role=ROLE_role, permission=null, accountLocked=false, accountExpired=false, userUid=1519118857378775040, createTime=2022-04-27 08:58:54, updateTime=null)
2022-04-27 09:53:14:338 69113 --- [http-nio-8088-exec-3] : 修改=== 待修改的uid:0  待更新的数据:1519118857378775040,83bc87909445de9ec52704d2fed50e99
2022-04-27 09:53:14:372 69113 --- [http-nio-8088-exec-3] : 查询条件=== 1519118857378775040
2022-04-27 09:53:14:590 69113 --- [http-nio-8088-exec-3] : 修改=== 待修改的uid:0  待更新的数据:UserDO(uid=1519118857378775040, userSummary=null, nickname=null, gender=null, siteUid=null, avatar=null, password=null, username=null, profession=null, verifyEmail=true, emailUid=null, loginUid=null, createTime=null, updateTime=null, userAccountUid=null)
2022-04-27 09:53:14:640 69113 --- [http-nio-8088-exec-3] : 修改成功=== 被修改的uid:1519118857378775040  影响行数:1  更新的数据:UserDO(uid=1519118857378775040, userSummary=null, nickname=null, gender=null, siteUid=null, avatar=null, password=null, username=null, profession=null, verifyEmail=true, emailUid=null, loginUid=null, createTime=null, updateTime=2022-04-27 09:53:14, userAccountUid=null)
2022-04-27 09:53:14:659 69113 --- [http-nio-8088-exec-3] : 修改成功=== 被修改的uid:0  影响行数:0  更新的数据:true
